#
# There is insufficient memory for the Java Runtime Environment to continue.
# Native memory allocation (malloc) failed to allocate 1680496 bytes for Chunk::new
# Possible reasons:
#   The system is out of physical RAM or swap space
#   The process is running with CompressedOops enabled, and the Java Heap may be blocking the growth of the native heap
# Possible solutions:
#   Reduce memory load on the system
#   Increase physical memory or swap space
#   Check if swap backing store is full
#   Decrease Java heap size (-Xmx/-Xms)
#   Decrease number of Java threads
#   Decrease Java thread stack sizes (-Xss)
#   Set larger code cache with -XX:ReservedCodeCacheSize=
#   JVM is running with Unscaled Compressed Oops mode in which the Java heap is
#     placed in the first 4GB address space. The Java Heap base address is the
#     maximum limit for the native heap growth. Please use -XX:HeapBaseMinAddress
#     to set the Java Heap base and to place the Java Heap above 4GB virtual address.
# This output file may be truncated or incomplete.
#
#  Out of Memory Error (./src/hotspot/share/memory/arena.cpp:197), pid=15156, tid=10348
#
# JRE version: OpenJDK Runtime Environment (11.0.12+7) (build 11.0.12+7-b1504.28-7817840)
# Java VM: OpenJDK 64-Bit Server VM (11.0.12+7-b1504.28-7817840, mixed mode, tiered, compressed oops, g1 gc, windows-amd64)
# No core dump will be written. Minidumps are not enabled by default on client versions of Windows
#

---------------  S U M M A R Y ------------

Command Line: --add-opens=java.base/java.util=ALL-UNNAMED --add-opens=java.base/java.lang=ALL-UNNAMED --add-opens=java.base/java.lang.invoke=ALL-UNNAMED --add-opens=java.base/java.util=ALL-UNNAMED --add-opens=java.prefs/java.util.prefs=ALL-UNNAMED --add-opens=java.prefs/java.util.prefs=ALL-UNNAMED --add-opens=java.base/java.nio.charset=ALL-UNNAMED --add-opens=java.base/java.net=ALL-UNNAMED --add-opens=java.base/java.util.concurrent.atomic=ALL-UNNAMED -Xmx2048m -Dfile.encoding=UTF-8 -Duser.country=RU -Duser.language=ru -Duser.variant org.gradle.launcher.daemon.bootstrap.GradleDaemon 7.3.3

Host: Intel(R) Core(TM) i3-5005U CPU @ 2.00GHz, 4 cores, 7G,  Windows 10 , 64 bit Build 19041 (10.0.19041.1503)
Time: Tue May 31 18:16:22 2022 RTZ 2 (зима) elapsed time: 390.302959 seconds (0d 0h 6m 30s)

---------------  T H R E A D  ---------------

Current thread (0x000001987f0f6000):  JavaThread "C2 CompilerThread0" daemon [_thread_in_native, id=10348, stack(0x0000003a0bf00000,0x0000003a0c000000)]


Current CompileTask:
C2: 390303 22889   !   4       java.net.URLClassLoader$1::run (63 bytes)

Stack: [0x0000003a0bf00000,0x0000003a0c000000]
Native frames: (J=compiled Java code, j=interpreted, Vv=VM code, C=native code)
V  [jvm.dll+0x5fbcea]
V  [jvm.dll+0x731905]
V  [jvm.dll+0x732f1d]
V  [jvm.dll+0x7335d3]
V  [jvm.dll+0x247bf8]
V  [jvm.dll+0xc018c]
V  [jvm.dll+0xc06cc]
V  [jvm.dll+0x35b31d]
V  [jvm.dll+0x19cebc]
V  [jvm.dll+0x20070e]
V  [jvm.dll+0x1ff794]
V  [jvm.dll+0x18868c]
V  [jvm.dll+0x20e0d7]
V  [jvm.dll+0x20c901]
V  [jvm.dll+0x6f9b7f]
V  [jvm.dll+0x6f26a5]
V  [jvm.dll+0x5fabf6]
C  [ucrtbase.dll+0x21bb2]
C  [KERNEL32.DLL+0x17034]
C  [ntdll.dll+0x52651]


---------------  P R O C E S S  ---------------

Threads class SMR info:
_java_thread_list=0x000001980a4cb9f0, length=88, elements={
0x0000019866d5c000, 0x000001987f0cf000, 0x000001987f0dc800, 0x000001987f0f0800,
0x000001987f0f1800, 0x000001987f0f3000, 0x000001987f0f6000, 0x000001987f0fa800,
0x000001987f106000, 0x000001987fbb9800, 0x000001980353e000, 0x00000198035eb000,
0x00000198037ce800, 0x000001980370d800, 0x0000019803709000, 0x0000019803708000,
0x0000019803709800, 0x000001980370b000, 0x0000019805f58000, 0x0000019805f53800,
0x0000019805f5a000, 0x0000019805f5a800, 0x0000019805f5b800, 0x000001987fb0a000,
0x000001987fb04000, 0x0000019802c73000, 0x0000019802c78000, 0x0000019802c75800,
0x0000019802c77000, 0x0000019802c75000, 0x0000019802c72800, 0x0000019802c79000,
0x0000019802c79800, 0x0000019802c74000, 0x0000019802c7e000, 0x0000019802c7b800,
0x0000019802c7c000, 0x0000019802c7d000, 0x0000019802c7e800, 0x0000019802c7a800,
0x0000019802c7f800, 0x0000019802c80000, 0x0000019802c81000, 0x000001987fb03800,
0x000001987fb02800, 0x000001987fb05000, 0x000001987faff800, 0x000001987fb00000,
0x000001987fb06800, 0x000001987fb01000, 0x000001987fb07800, 0x000001987fb02000,
0x000001987fb0e000, 0x000001987fb0c800, 0x000001987fb0a800, 0x000001987fb0d000,
0x000001987fb08800, 0x000001987fb09000, 0x0000019805f55000, 0x0000019805f56800,
0x0000019805f57800, 0x0000019805f55800, 0x0000019805f5e800, 0x0000019805f5c800,
0x0000019805f5e000, 0x0000019805f5f800, 0x0000019805f60800, 0x0000019805f61000,
0x0000019805f62000, 0x0000019805f5d000, 0x000001980370d000, 0x000001980370c000,
0x000001980370e800, 0x000001980370a800, 0x000001980d9a3000, 0x000001980d9a9800,
0x000001980d9a4800, 0x000001980d9a6000, 0x000001980d9a7000, 0x000001980d9a3800,
0x000001980d9a8800, 0x000001980d9a7800, 0x000001980d9aa000, 0x000001980d9ab000,
0x000001980d9b0000, 0x000001980d9b1800, 0x000001980d9ac000, 0x000001980d9ae800
}

Java Threads: ( => current thread )
  0x0000019866d5c000 JavaThread "main" [_thread_blocked, id=9024, stack(0x0000003a0b300000,0x0000003a0b400000)]
  0x000001987f0cf000 JavaThread "Reference Handler" daemon [_thread_blocked, id=11848, stack(0x0000003a0ba00000,0x0000003a0bb00000)]
  0x000001987f0dc800 JavaThread "Finalizer" daemon [_thread_blocked, id=12404, stack(0x0000003a0bb00000,0x0000003a0bc00000)]
  0x000001987f0f0800 JavaThread "Signal Dispatcher" daemon [_thread_blocked, id=9400, stack(0x0000003a0bc00000,0x0000003a0bd00000)]
  0x000001987f0f1800 JavaThread "Attach Listener" daemon [_thread_blocked, id=8140, stack(0x0000003a0bd00000,0x0000003a0be00000)]
  0x000001987f0f3000 JavaThread "Service Thread" daemon [_thread_blocked, id=15012, stack(0x0000003a0be00000,0x0000003a0bf00000)]
=>0x000001987f0f6000 JavaThread "C2 CompilerThread0" daemon [_thread_in_native, id=10348, stack(0x0000003a0bf00000,0x0000003a0c000000)]
  0x000001987f0fa800 JavaThread "C1 CompilerThread0" daemon [_thread_blocked, id=10664, stack(0x0000003a0c000000,0x0000003a0c100000)]
  0x000001987f106000 JavaThread "Sweeper thread" daemon [_thread_blocked, id=15484, stack(0x0000003a0c100000,0x0000003a0c200000)]
  0x000001987fbb9800 JavaThread "Common-Cleaner" daemon [_thread_blocked, id=14212, stack(0x0000003a0c200000,0x0000003a0c300000)]
  0x000001980353e000 JavaThread "Daemon health stats" [_thread_blocked, id=11048, stack(0x0000003a0c600000,0x0000003a0c700000)]
  0x00000198035eb000 JavaThread "Incoming local TCP Connector on port 61040" [_thread_in_native, id=10836, stack(0x0000003a0c700000,0x0000003a0c800000)]
  0x00000198037ce800 JavaThread "Daemon periodic checks" [_thread_blocked, id=2312, stack(0x0000003a0c800000,0x0000003a0c900000)]
  0x000001980370d800 JavaThread "Cache worker for journal cache (C:\Users\Ivan\.gradle\caches\journal-1)" [_thread_blocked, id=10712, stack(0x0000003a0d100000,0x0000003a0d200000)]
  0x0000019803709000 JavaThread "File lock request listener" [_thread_in_native, id=4996, stack(0x0000003a0d200000,0x0000003a0d300000)]
  0x0000019803708000 JavaThread "Cache worker for file hash cache (C:\Users\Ivan\.gradle\caches\7.3.3\fileHashes)" [_thread_blocked, id=6764, stack(0x0000003a0d300000,0x0000003a0d400000)]
  0x0000019803709800 JavaThread "File watcher server" daemon [_thread_in_native, id=13480, stack(0x0000003a0d500000,0x0000003a0d600000)]
  0x000001980370b000 JavaThread "File watcher consumer" daemon [_thread_blocked, id=13244, stack(0x0000003a0d600000,0x0000003a0d700000)]
  0x0000019805f58000 JavaThread "Cache worker for execution history cache (C:\Users\Ivan\.gradle\caches\7.3.3\executionHistory)" [_thread_blocked, id=6516, stack(0x0000003a0da00000,0x0000003a0db00000)]
  0x0000019805f53800 JavaThread "jar transforms" [_thread_blocked, id=1416, stack(0x0000003a0db00000,0x0000003a0dc00000)]
  0x0000019805f5a000 JavaThread "Cache worker for file content cache (C:\Users\Ivan\.gradle\caches\7.3.3\fileContent)" [_thread_blocked, id=11108, stack(0x0000003a0dc00000,0x0000003a0dd00000)]
  0x0000019805f5a800 JavaThread "jar transforms Thread 2" [_thread_blocked, id=10588, stack(0x0000003a0dd00000,0x0000003a0de00000)]
  0x0000019805f5b800 JavaThread "jar transforms Thread 3" [_thread_blocked, id=9088, stack(0x0000003a0df00000,0x0000003a0e000000)]
  0x000001987fb0a000 JavaThread "jar transforms Thread 4" [_thread_blocked, id=13492, stack(0x0000003a10900000,0x0000003a10a00000)]
  0x000001987fb04000 JavaThread "Memory manager" [_thread_blocked, id=9828, stack(0x0000003a10a00000,0x0000003a10b00000)]
  0x0000019802c73000 JavaThread "Daemon Thread 3" [_thread_blocked, id=10800, stack(0x0000003a0b000000,0x0000003a0b100000)]
  0x0000019802c78000 JavaThread "Daemon worker Thread 3" [_thread_blocked, id=7576, stack(0x0000003a0c900000,0x0000003a0ca00000)]
  0x0000019802c75800 JavaThread "Handler for socket connection from /127.0.0.1:61040 to /127.0.0.1:61158" [_thread_in_native, id=10484, stack(0x0000003a0ca00000,0x0000003a0cb00000)]
  0x0000019802c77000 JavaThread "Cancel handler" [_thread_blocked, id=15516, stack(0x0000003a0cb00000,0x0000003a0cc00000)]
  0x0000019802c75000 JavaThread "Asynchronous log dispatcher for DefaultDaemonConnection: socket connection from /127.0.0.1:61040 to /127.0.0.1:61158" [_thread_blocked, id=10316, stack(0x0000003a0cc00000,0x0000003a0cd00000)]
  0x0000019802c72800 JavaThread "Stdin handler" [_thread_blocked, id=11132, stack(0x0000003a0cd00000,0x0000003a0ce00000)]
  0x0000019802c79000 JavaThread "Daemon client event forwarder" [_thread_blocked, id=11852, stack(0x0000003a0ce00000,0x0000003a0cf00000)]
  0x0000019802c79800 JavaThread "Cache worker for file hash cache (C:\Users\Ivan\AndroidStudioProjects\GyroTest2\.gradle\7.3.3\fileHashes)" [_thread_blocked, id=10372, stack(0x0000003a0d000000,0x0000003a0d100000)]
  0x0000019802c74000 JavaThread "Cache worker for checksums cache (C:\Users\Ivan\AndroidStudioProjects\GyroTest2\.gradle\7.3.3\checksums)" [_thread_blocked, id=1656, stack(0x0000003a0d400000,0x0000003a0d500000)]
  0x0000019802c7e000 JavaThread "Cache worker for cache directory md-supplier (C:\Users\Ivan\.gradle\caches\7.3.3\md-supplier)" [_thread_blocked, id=4084, stack(0x0000003a0d700000,0x0000003a0d800000)]
  0x0000019802c7b800 JavaThread "Cache worker for cache directory md-rule (C:\Users\Ivan\.gradle\caches\7.3.3\md-rule)" [_thread_blocked, id=11176, stack(0x0000003a0d800000,0x0000003a0d900000)]
  0x0000019802c7c000 JavaThread "Cache worker for dependencies-accessors (C:\Users\Ivan\AndroidStudioProjects\GyroTest2\.gradle\7.3.3\dependencies-accessors)" [_thread_blocked, id=13644, stack(0x0000003a0d900000,0x0000003a0da00000)]
  0x0000019802c7d000 JavaThread "Cache worker for Build Output Cleanup Cache (C:\Users\Ivan\AndroidStudioProjects\GyroTest2\.gradle\buildOutputCleanup)" [_thread_blocked, id=9032, stack(0x0000003a0de00000,0x0000003a0df00000)]
  0x0000019802c7e800 JavaThread "Unconstrained build operations" [_thread_blocked, id=10268, stack(0x0000003a0e000000,0x0000003a0e100000)]
  0x0000019802c7a800 JavaThread "Unconstrained build operations Thread 2" [_thread_blocked, id=14120, stack(0x0000003a0e100000,0x0000003a0e200000)]
  0x0000019802c7f800 JavaThread "Unconstrained build operations Thread 3" [_thread_blocked, id=9336, stack(0x0000003a0e200000,0x0000003a0e300000)]
  0x0000019802c80000 JavaThread "Unconstrained build operations Thread 4" [_thread_blocked, id=5532, stack(0x0000003a0e300000,0x0000003a0e400000)]
  0x0000019802c81000 JavaThread "Unconstrained build operations Thread 5" [_thread_blocked, id=9912, stack(0x0000003a0e400000,0x0000003a0e500000)]
  0x000001987fb03800 JavaThread "Unconstrained build operations Thread 6" [_thread_blocked, id=8764, stack(0x0000003a0e500000,0x0000003a0e600000)]
  0x000001987fb02800 JavaThread "Unconstrained build operations Thread 7" [_thread_blocked, id=8544, stack(0x0000003a0e600000,0x0000003a0e700000)]
  0x000001987fb05000 JavaThread "Unconstrained build operations Thread 8" [_thread_blocked, id=12748, stack(0x0000003a0e700000,0x0000003a0e800000)]
  0x000001987faff800 JavaThread "Unconstrained build operations Thread 9" [_thread_blocked, id=4856, stack(0x0000003a0e800000,0x0000003a0e900000)]
  0x000001987fb00000 JavaThread "Unconstrained build operations Thread 10" [_thread_blocked, id=12340, stack(0x0000003a0e900000,0x0000003a0ea00000)]
  0x000001987fb06800 JavaThread "Unconstrained build operations Thread 11" [_thread_blocked, id=16296, stack(0x0000003a0ea00000,0x0000003a0eb00000)]
  0x000001987fb01000 JavaThread "Unconstrained build operations Thread 12" [_thread_blocked, id=4372, stack(0x0000003a0eb00000,0x0000003a0ec00000)]
  0x000001987fb07800 JavaThread "Unconstrained build operations Thread 13" [_thread_blocked, id=9276, stack(0x0000003a0ec00000,0x0000003a0ed00000)]
  0x000001987fb02000 JavaThread "Unconstrained build operations Thread 14" [_thread_blocked, id=452, stack(0x0000003a0ed00000,0x0000003a0ee00000)]
  0x000001987fb0e000 JavaThread "Unconstrained build operations Thread 15" [_thread_blocked, id=5576, stack(0x0000003a0ee00000,0x0000003a0ef00000)]
  0x000001987fb0c800 JavaThread "Unconstrained build operations Thread 16" [_thread_blocked, id=756, stack(0x0000003a0ef00000,0x0000003a0f000000)]
  0x000001987fb0a800 JavaThread "Unconstrained build operations Thread 17" [_thread_blocked, id=12176, stack(0x0000003a0f000000,0x0000003a0f100000)]
  0x000001987fb0d000 JavaThread "Unconstrained build operations Thread 18" [_thread_blocked, id=13996, stack(0x0000003a0f100000,0x0000003a0f200000)]
  0x000001987fb08800 JavaThread "Unconstrained build operations Thread 19" [_thread_blocked, id=5324, stack(0x0000003a0f200000,0x0000003a0f300000)]
  0x000001987fb09000 JavaThread "Unconstrained build operations Thread 20" [_thread_blocked, id=7236, stack(0x0000003a0f300000,0x0000003a0f400000)]
  0x0000019805f55000 JavaThread "Unconstrained build operations Thread 21" [_thread_blocked, id=9664, stack(0x0000003a0f400000,0x0000003a0f500000)]
  0x0000019805f56800 JavaThread "Unconstrained build operations Thread 22" [_thread_blocked, id=15540, stack(0x0000003a0f500000,0x0000003a0f600000)]
  0x0000019805f57800 JavaThread "Unconstrained build operations Thread 23" [_thread_blocked, id=5868, stack(0x0000003a0f600000,0x0000003a0f700000)]
  0x0000019805f55800 JavaThread "Unconstrained build operations Thread 24" [_thread_blocked, id=13340, stack(0x0000003a0f700000,0x0000003a0f800000)]
  0x0000019805f5e800 JavaThread "Unconstrained build operations Thread 25" [_thread_blocked, id=13736, stack(0x0000003a0f800000,0x0000003a0f900000)]
  0x0000019805f5c800 JavaThread "Unconstrained build operations Thread 26" [_thread_blocked, id=9688, stack(0x0000003a0f900000,0x0000003a0fa00000)]
  0x0000019805f5e000 JavaThread "Unconstrained build operations Thread 27" [_thread_blocked, id=16256, stack(0x0000003a0fa00000,0x0000003a0fb00000)]
  0x0000019805f5f800 JavaThread "Unconstrained build operations Thread 28" [_thread_blocked, id=12148, stack(0x0000003a0fb00000,0x0000003a0fc00000)]
  0x0000019805f60800 JavaThread "Unconstrained build operations Thread 29" [_thread_blocked, id=9796, stack(0x0000003a0fc00000,0x0000003a0fd00000)]
  0x0000019805f61000 JavaThread "Unconstrained build operations Thread 30" [_thread_blocked, id=14636, stack(0x0000003a0fd00000,0x0000003a0fe00000)]
  0x0000019805f62000 JavaThread "Unconstrained build operations Thread 31" [_thread_blocked, id=11964, stack(0x0000003a0fe00000,0x0000003a0ff00000)]
  0x0000019805f5d000 JavaThread "Unconstrained build operations Thread 32" [_thread_blocked, id=14896, stack(0x0000003a0ff00000,0x0000003a10000000)]
  0x000001980370d000 JavaThread "Unconstrained build operations Thread 33" [_thread_blocked, id=14152, stack(0x0000003a10000000,0x0000003a10100000)]
  0x000001980370c000 JavaThread "Unconstrained build operations Thread 34" [_thread_blocked, id=15388, stack(0x0000003a10100000,0x0000003a10200000)]
  0x000001980370e800 JavaThread "Unconstrained build operations Thread 35" [_thread_blocked, id=15708, stack(0x0000003a10200000,0x0000003a10300000)]
  0x000001980370a800 JavaThread "Unconstrained build operations Thread 36" [_thread_blocked, id=12960, stack(0x0000003a10300000,0x0000003a10400000)]
  0x000001980d9a3000 JavaThread "Unconstrained build operations Thread 37" [_thread_blocked, id=9644, stack(0x0000003a10400000,0x0000003a10500000)]
  0x000001980d9a9800 JavaThread "Unconstrained build operations Thread 38" [_thread_blocked, id=4548, stack(0x0000003a10500000,0x0000003a10600000)]
  0x000001980d9a4800 JavaThread "Unconstrained build operations Thread 39" [_thread_blocked, id=1884, stack(0x0000003a10600000,0x0000003a10700000)]
  0x000001980d9a6000 JavaThread "Unconstrained build operations Thread 40" [_thread_blocked, id=15628, stack(0x0000003a10700000,0x0000003a10800000)]
  0x000001980d9a7000 JavaThread "build event listener" [_thread_blocked, id=7564, stack(0x0000003a10800000,0x0000003a10900000)]
  0x000001980d9a3800 JavaThread "Execution worker for ':'" [_thread_in_Java, id=15692, stack(0x0000003a10b00000,0x0000003a10c00000)]
  0x000001980d9a8800 JavaThread "Execution worker for ':' Thread 2" [_thread_blocked, id=11260, stack(0x0000003a10c00000,0x0000003a10d00000)]
  0x000001980d9a7800 JavaThread "Execution worker for ':' Thread 3" [_thread_blocked, id=4132, stack(0x0000003a10d00000,0x0000003a10e00000)]
  0x000001980d9aa000 JavaThread "Cache worker for execution history cache (C:\Users\Ivan\AndroidStudioProjects\GyroTest2\.gradle\7.3.3\executionHistory)" [_thread_blocked, id=14656, stack(0x0000003a10e00000,0x0000003a10f00000)]
  0x000001980d9ab000 JavaThread "WorkerExecutor Queue" [_thread_blocked, id=6796, stack(0x0000003a10f00000,0x0000003a11000000)]
  0x000001980d9b0000 JavaThread "WorkerExecutor Queue Thread 2" [_thread_blocked, id=11284, stack(0x0000003a11100000,0x0000003a11200000)]
  0x000001980d9b1800 JavaThread "WorkerExecutor Queue Thread 3" [_thread_blocked, id=10992, stack(0x0000003a11200000,0x0000003a11300000)]
  0x000001980d9ac000 JavaThread "WorkerExecutor Queue Thread 4" [_thread_blocked, id=14468, stack(0x0000003a11300000,0x0000003a11400000)]
  0x000001980d9ae800 JavaThread "Java2D Disposer" daemon [_thread_blocked, id=7832, stack(0x0000003a11700000,0x0000003a11800000)]

Other Threads:
  0x000001987f0cb000 VMThread "VM Thread" [stack: 0x0000003a0b900000,0x0000003a0ba00000] [id=5904]
  0x000001987fbd5000 WatcherThread [stack: 0x0000003a0c300000,0x0000003a0c400000] [id=7280]
  0x0000019866d75000 GCTaskThread "GC Thread#0" [stack: 0x0000003a0b400000,0x0000003a0b500000] [id=14700]
  0x000001980293a800 GCTaskThread "GC Thread#1" [stack: 0x0000003a0c400000,0x0000003a0c500000] [id=9232]
  0x0000019802425000 GCTaskThread "GC Thread#2" [stack: 0x0000003a0c500000,0x0000003a0c600000] [id=14352]
  0x0000019802dff000 GCTaskThread "GC Thread#3" [stack: 0x0000003a0cf00000,0x0000003a0d000000] [id=4396]
  0x0000019866da6800 ConcurrentGCThread "G1 Main Marker" [stack: 0x0000003a0b500000,0x0000003a0b600000] [id=8240]
  0x0000019866da7800 ConcurrentGCThread "G1 Conc#0" [stack: 0x0000003a0b600000,0x0000003a0b700000] [id=10776]
  0x0000019866e35000 ConcurrentGCThread "G1 Refine#0" [stack: 0x0000003a0b700000,0x0000003a0b800000] [id=5828]
  0x0000019866e36000 ConcurrentGCThread "G1 Young RemSet Sampling" [stack: 0x0000003a0b800000,0x0000003a0b900000] [id=2428]

Threads with active compile tasks:
C2 CompilerThread0 390349 22889   !   4       java.net.URLClassLoader$1::run (63 bytes)

VM state:not at safepoint (normal execution)

VM Mutex/Monitor currently owned by a thread: None

Heap address: 0x0000000080000000, size: 2048 MB, Compressed Oops mode: 32-bit
Narrow klass base: 0x0000000000000000, Narrow klass shift: 3
Compressed class space size: 1073741824 Address: 0x0000000100000000

Heap:
 garbage-first heap   total 328704K, used 187967K [0x0000000080000000, 0x0000000100000000)
  region size 1024K, 39 young (39936K), 1 survivors (1024K)
 Metaspace       used 134283K, capacity 138434K, committed 138624K, reserved 1169408K
  class space    used 16432K, capacity 17863K, committed 17920K, reserved 1048576K
Heap Regions: E=young(eden), S=young(survivor), O=old, HS=humongous(starts), HC=humongous(continues), CS=collection set, F=free, A=archive, TAMS=top-at-mark-start (previous, next)
|   0|0x0000000080000000, 0x0000000080100000, 0x0000000080100000|100%| O|  |TAMS 0x0000000080100000, 0x0000000080000000| Untracked 
|   1|0x0000000080100000, 0x0000000080200000, 0x0000000080200000|100%| O|  |TAMS 0x0000000080200000, 0x0000000080100000| Untracked 
|   2|0x0000000080200000, 0x0000000080300000, 0x0000000080300000|100%| O|  |TAMS 0x0000000080300000, 0x0000000080200000| Untracked 
|   3|0x0000000080300000, 0x0000000080400000, 0x0000000080400000|100%|HS|  |TAMS 0x0000000080400000, 0x0000000080300000| Complete 
|   4|0x0000000080400000, 0x0000000080500000, 0x0000000080500000|100%|HC|  |TAMS 0x0000000080500000, 0x0000000080400000| Complete 
|   5|0x0000000080500000, 0x0000000080600000, 0x0000000080600000|100%|HC|  |TAMS 0x0000000080600000, 0x0000000080500000| Complete 
|   6|0x0000000080600000, 0x0000000080700000, 0x0000000080700000|100%| O|  |TAMS 0x0000000080700000, 0x0000000080600000| Untracked 
|   7|0x0000000080700000, 0x0000000080800000, 0x0000000080800000|100%| O|  |TAMS 0x0000000080800000, 0x0000000080700000| Untracked 
|   8|0x0000000080800000, 0x0000000080900000, 0x0000000080900000|100%| O|  |TAMS 0x0000000080900000, 0x0000000080800000| Untracked 
|   9|0x0000000080900000, 0x0000000080a00000, 0x0000000080a00000|100%| O|  |TAMS 0x0000000080a00000, 0x0000000080900000| Untracked 
|  10|0x0000000080a00000, 0x0000000080b00000, 0x0000000080b00000|100%| O|  |TAMS 0x0000000080b00000, 0x0000000080a00000| Untracked 
|  11|0x0000000080b00000, 0x0000000080c00000, 0x0000000080c00000|100%| O|  |TAMS 0x0000000080c00000, 0x0000000080b00000| Untracked 
|  12|0x0000000080c00000, 0x0000000080d00000, 0x0000000080d00000|100%| O|  |TAMS 0x0000000080d00000, 0x0000000080c00000| Untracked 
|  13|0x0000000080d00000, 0x0000000080e00000, 0x0000000080e00000|100%| O|  |TAMS 0x0000000080e00000, 0x0000000080d00000| Untracked 
|  14|0x0000000080e00000, 0x0000000080f00000, 0x0000000080f00000|100%| O|  |TAMS 0x0000000080f00000, 0x0000000080e00000| Untracked 
|  15|0x0000000080f00000, 0x0000000081000000, 0x0000000081000000|100%| O|  |TAMS 0x0000000081000000, 0x0000000080f00000| Untracked 
|  16|0x0000000081000000, 0x0000000081100000, 0x0000000081100000|100%|HS|  |TAMS 0x0000000081100000, 0x0000000081000000| Complete 
|  17|0x0000000081100000, 0x0000000081200000, 0x0000000081200000|100%| O|  |TAMS 0x0000000081200000, 0x0000000081100000| Untracked 
|  18|0x0000000081200000, 0x0000000081300000, 0x0000000081300000|100%| O|  |TAMS 0x0000000081300000, 0x0000000081200000| Untracked 
|  19|0x0000000081300000, 0x0000000081400000, 0x0000000081400000|100%| O|  |TAMS 0x0000000081400000, 0x0000000081300000| Untracked 
|  20|0x0000000081400000, 0x0000000081500000, 0x0000000081500000|100%| O|  |TAMS 0x0000000081500000, 0x0000000081400000| Untracked 
|  21|0x0000000081500000, 0x0000000081600000, 0x0000000081600000|100%| O|  |TAMS 0x0000000081600000, 0x0000000081500000| Untracked 
|  22|0x0000000081600000, 0x0000000081700000, 0x0000000081700000|100%| O|  |TAMS 0x0000000081700000, 0x0000000081600000| Untracked 
|  23|0x0000000081700000, 0x0000000081800000, 0x0000000081800000|100%| O|  |TAMS 0x0000000081800000, 0x0000000081700000| Untracked 
|  24|0x0000000081800000, 0x0000000081900000, 0x0000000081900000|100%| O|  |TAMS 0x0000000081900000, 0x0000000081800000| Untracked 
|  25|0x0000000081900000, 0x0000000081a00000, 0x0000000081a00000|100%| O|  |TAMS 0x0000000081a00000, 0x0000000081900000| Untracked 
|  26|0x0000000081a00000, 0x0000000081b00000, 0x0000000081b00000|100%| O|  |TAMS 0x0000000081b00000, 0x0000000081a00000| Untracked 
|  27|0x0000000081b00000, 0x0000000081c00000, 0x0000000081c00000|100%| O|  |TAMS 0x0000000081c00000, 0x0000000081b00000| Untracked 
|  28|0x0000000081c00000, 0x0000000081d00000, 0x0000000081d00000|100%|HS|  |TAMS 0x0000000081d00000, 0x0000000081c00000| Complete 
|  29|0x0000000081d00000, 0x0000000081e00000, 0x0000000081e00000|100%|HS|  |TAMS 0x0000000081e00000, 0x0000000081d00000| Complete 
|  30|0x0000000081e00000, 0x0000000081f00000, 0x0000000081f00000|100%|HC|  |TAMS 0x0000000081f00000, 0x0000000081e00000| Complete 
|  31|0x0000000081f00000, 0x0000000082000000, 0x0000000082000000|100%| O|  |TAMS 0x0000000082000000, 0x0000000081f00000| Untracked 
|  32|0x0000000082000000, 0x0000000082100000, 0x0000000082100000|100%| O|  |TAMS 0x0000000082100000, 0x0000000082000000| Untracked 
|  33|0x0000000082100000, 0x0000000082200000, 0x0000000082200000|100%| O|  |TAMS 0x0000000082200000, 0x0000000082100000| Untracked 
|  34|0x0000000082200000, 0x0000000082300000, 0x0000000082300000|100%| O|  |TAMS 0x0000000082300000, 0x0000000082200000| Untracked 
|  35|0x0000000082300000, 0x0000000082400000, 0x0000000082400000|100%| O|  |TAMS 0x0000000082400000, 0x0000000082300000| Untracked 
|  36|0x0000000082400000, 0x0000000082500000, 0x0000000082500000|100%| O|  |TAMS 0x0000000082500000, 0x0000000082400000| Untracked 
|  37|0x0000000082500000, 0x0000000082600000, 0x0000000082600000|100%| O|  |TAMS 0x0000000082600000, 0x0000000082500000| Untracked 
|  38|0x0000000082600000, 0x0000000082700000, 0x0000000082700000|100%| O|  |TAMS 0x0000000082700000, 0x0000000082600000| Untracked 
|  39|0x0000000082700000, 0x0000000082800000, 0x0000000082800000|100%| O|  |TAMS 0x0000000082800000, 0x0000000082700000| Untracked 
|  40|0x0000000082800000, 0x0000000082900000, 0x0000000082900000|100%| O|  |TAMS 0x0000000082900000, 0x0000000082800000| Untracked 
|  41|0x0000000082900000, 0x0000000082a00000, 0x0000000082a00000|100%| O|  |TAMS 0x0000000082a00000, 0x0000000082900000| Untracked 
|  42|0x0000000082a00000, 0x0000000082b00000, 0x0000000082b00000|100%| O|  |TAMS 0x0000000082b00000, 0x0000000082a00000| Untracked 
|  43|0x0000000082b00000, 0x0000000082c00000, 0x0000000082c00000|100%| O|  |TAMS 0x0000000082c00000, 0x0000000082b00000| Untracked 
|  44|0x0000000082c00000, 0x0000000082d00000, 0x0000000082d00000|100%| O|  |TAMS 0x0000000082d00000, 0x0000000082c00000| Untracked 
|  45|0x0000000082d00000, 0x0000000082e00000, 0x0000000082e00000|100%| O|  |TAMS 0x0000000082e00000, 0x0000000082d00000| Untracked 
|  46|0x0000000082e00000, 0x0000000082f00000, 0x0000000082f00000|100%| O|  |TAMS 0x0000000082f00000, 0x0000000082e00000| Untracked 
|  47|0x0000000082f00000, 0x0000000083000000, 0x0000000083000000|100%| O|  |TAMS 0x0000000083000000, 0x0000000082f00000| Untracked 
|  48|0x0000000083000000, 0x0000000083100000, 0x0000000083100000|100%| O|  |TAMS 0x0000000083100000, 0x0000000083000000| Untracked 
|  49|0x0000000083100000, 0x0000000083200000, 0x0000000083200000|100%| O|  |TAMS 0x0000000083200000, 0x0000000083100000| Untracked 
|  50|0x0000000083200000, 0x0000000083300000, 0x0000000083300000|100%| O|  |TAMS 0x0000000083300000, 0x0000000083200000| Untracked 
|  51|0x0000000083300000, 0x0000000083400000, 0x0000000083400000|100%| O|  |TAMS 0x0000000083400000, 0x0000000083300000| Untracked 
|  52|0x0000000083400000, 0x0000000083500000, 0x0000000083500000|100%| O|  |TAMS 0x0000000083500000, 0x0000000083400000| Untracked 
|  53|0x0000000083500000, 0x0000000083600000, 0x0000000083600000|100%| O|  |TAMS 0x0000000083600000, 0x0000000083500000| Untracked 
|  54|0x0000000083600000, 0x0000000083700000, 0x0000000083700000|100%| O|  |TAMS 0x0000000083700000, 0x0000000083600000| Untracked 
|  55|0x0000000083700000, 0x0000000083800000, 0x0000000083800000|100%| O|  |TAMS 0x0000000083800000, 0x0000000083700000| Untracked 
|  56|0x0000000083800000, 0x0000000083900000, 0x0000000083900000|100%| O|  |TAMS 0x0000000083900000, 0x0000000083800000| Untracked 
|  57|0x0000000083900000, 0x0000000083a00000, 0x0000000083a00000|100%| O|  |TAMS 0x0000000083a00000, 0x0000000083900000| Untracked 
|  58|0x0000000083a00000, 0x0000000083b00000, 0x0000000083b00000|100%| O|  |TAMS 0x0000000083b00000, 0x0000000083a00000| Untracked 
|  59|0x0000000083b00000, 0x0000000083c00000, 0x0000000083c00000|100%| O|  |TAMS 0x0000000083c00000, 0x0000000083b00000| Untracked 
|  60|0x0000000083c00000, 0x0000000083d00000, 0x0000000083d00000|100%|HS|  |TAMS 0x0000000083d00000, 0x0000000083c00000| Complete 
|  61|0x0000000083d00000, 0x0000000083e00000, 0x0000000083e00000|100%|HC|  |TAMS 0x0000000083e00000, 0x0000000083d00000| Complete 
|  62|0x0000000083e00000, 0x0000000083f00000, 0x0000000083f00000|100%|HS|  |TAMS 0x0000000083f00000, 0x0000000083e00000| Complete 
|  63|0x0000000083f00000, 0x0000000084000000, 0x0000000084000000|100%|HC|  |TAMS 0x0000000084000000, 0x0000000083f00000| Complete 
|  64|0x0000000084000000, 0x0000000084100000, 0x0000000084100000|100%|HC|  |TAMS 0x0000000084100000, 0x0000000084000000| Complete 
|  65|0x0000000084100000, 0x0000000084200000, 0x0000000084200000|100%|HS|  |TAMS 0x0000000084200000, 0x0000000084100000| Complete 
|  66|0x0000000084200000, 0x0000000084300000, 0x0000000084300000|100%|HS|  |TAMS 0x0000000084300000, 0x0000000084200000| Complete 
|  67|0x0000000084300000, 0x0000000084400000, 0x0000000084400000|100%|HC|  |TAMS 0x0000000084400000, 0x0000000084300000| Complete 
|  68|0x0000000084400000, 0x0000000084500000, 0x0000000084500000|100%|HC|  |TAMS 0x0000000084500000, 0x0000000084400000| Complete 
|  69|0x0000000084500000, 0x0000000084600000, 0x0000000084600000|100%|HC|  |TAMS 0x0000000084600000, 0x0000000084500000| Complete 
|  70|0x0000000084600000, 0x0000000084700000, 0x0000000084700000|100%|HS|  |TAMS 0x0000000084700000, 0x0000000084600000| Complete 
|  71|0x0000000084700000, 0x0000000084800000, 0x0000000084800000|100%|HS|  |TAMS 0x0000000084800000, 0x0000000084700000| Complete 
|  72|0x0000000084800000, 0x0000000084900000, 0x0000000084900000|100%|HC|  |TAMS 0x0000000084900000, 0x0000000084800000| Complete 
|  73|0x0000000084900000, 0x0000000084a00000, 0x0000000084a00000|100%|HC|  |TAMS 0x0000000084a00000, 0x0000000084900000| Complete 
|  74|0x0000000084a00000, 0x0000000084b00000, 0x0000000084b00000|100%| O|  |TAMS 0x0000000084b00000, 0x0000000084a00000| Untracked 
|  75|0x0000000084b00000, 0x0000000084c00000, 0x0000000084c00000|100%| O|  |TAMS 0x0000000084c00000, 0x0000000084b00000| Untracked 
|  76|0x0000000084c00000, 0x0000000084d00000, 0x0000000084d00000|100%| O|  |TAMS 0x0000000084d00000, 0x0000000084c00000| Untracked 
|  77|0x0000000084d00000, 0x0000000084e00000, 0x0000000084e00000|100%| O|  |TAMS 0x0000000084e00000, 0x0000000084d00000| Untracked 
|  78|0x0000000084e00000, 0x0000000084f00000, 0x0000000084f00000|100%| O|  |TAMS 0x0000000084f00000, 0x0000000084e00000| Untracked 
|  79|0x0000000084f00000, 0x0000000085000000, 0x0000000085000000|100%| O|  |TAMS 0x0000000085000000, 0x0000000084f00000| Untracked 
|  80|0x0000000085000000, 0x0000000085100000, 0x0000000085100000|100%| O|  |TAMS 0x0000000085100000, 0x0000000085000000| Untracked 
|  81|0x0000000085100000, 0x0000000085200000, 0x0000000085200000|100%|HS|  |TAMS 0x0000000085200000, 0x0000000085100000| Complete 
|  82|0x0000000085200000, 0x0000000085300000, 0x0000000085300000|100%|HC|  |TAMS 0x0000000085300000, 0x0000000085200000| Complete 
|  83|0x0000000085300000, 0x0000000085400000, 0x0000000085400000|100%|HC|  |TAMS 0x0000000085400000, 0x0000000085300000| Complete 
|  84|0x0000000085400000, 0x0000000085500000, 0x0000000085500000|100%|HC|  |TAMS 0x0000000085500000, 0x0000000085400000| Complete 
|  85|0x0000000085500000, 0x0000000085600000, 0x0000000085600000|100%|HS|  |TAMS 0x0000000085600000, 0x0000000085500000| Complete 
|  86|0x0000000085600000, 0x0000000085700000, 0x0000000085700000|100%|HC|  |TAMS 0x0000000085700000, 0x0000000085600000| Complete 
|  87|0x0000000085700000, 0x0000000085800000, 0x0000000085800000|100%|HS|  |TAMS 0x0000000085800000, 0x0000000085700000| Complete 
|  88|0x0000000085800000, 0x0000000085900000, 0x0000000085900000|100%|HC|  |TAMS 0x0000000085900000, 0x0000000085800000| Complete 
|  89|0x0000000085900000, 0x0000000085a00000, 0x0000000085a00000|100%|HC|  |TAMS 0x0000000085a00000, 0x0000000085900000| Complete 
|  90|0x0000000085a00000, 0x0000000085b00000, 0x0000000085b00000|100%|HS|  |TAMS 0x0000000085b00000, 0x0000000085a00000| Complete 
|  91|0x0000000085b00000, 0x0000000085c00000, 0x0000000085c00000|100%|HS|  |TAMS 0x0000000085c00000, 0x0000000085b00000| Complete 
|  92|0x0000000085c00000, 0x0000000085d00000, 0x0000000085d00000|100%|HC|  |TAMS 0x0000000085d00000, 0x0000000085c00000| Complete 
|  93|0x0000000085d00000, 0x0000000085e00000, 0x0000000085e00000|100%|HC|  |TAMS 0x0000000085e00000, 0x0000000085d00000| Complete 
|  94|0x0000000085e00000, 0x0000000085f00000, 0x0000000085f00000|100%|HC|  |TAMS 0x0000000085f00000, 0x0000000085e00000| Complete 
|  95|0x0000000085f00000, 0x0000000086000000, 0x0000000086000000|100%| O|  |TAMS 0x0000000086000000, 0x0000000085f00000| Untracked 
|  96|0x0000000086000000, 0x0000000086100000, 0x0000000086100000|100%| O|  |TAMS 0x0000000086100000, 0x0000000086000000| Untracked 
|  97|0x0000000086100000, 0x0000000086200000, 0x0000000086200000|100%| O|  |TAMS 0x0000000086200000, 0x0000000086100000| Untracked 
|  98|0x0000000086200000, 0x0000000086300000, 0x0000000086300000|100%| O|  |TAMS 0x0000000086300000, 0x0000000086200000| Untracked 
|  99|0x0000000086300000, 0x0000000086400000, 0x0000000086400000|100%| O|  |TAMS 0x0000000086400000, 0x0000000086300000| Untracked 
| 100|0x0000000086400000, 0x0000000086500000, 0x0000000086500000|100%| O|  |TAMS 0x0000000086500000, 0x0000000086400000| Untracked 
| 101|0x0000000086500000, 0x0000000086600000, 0x0000000086600000|100%| O|  |TAMS 0x0000000086600000, 0x0000000086500000| Untracked 
| 102|0x0000000086600000, 0x0000000086700000, 0x0000000086700000|100%| O|  |TAMS 0x0000000086600000, 0x0000000086600000| Untracked 
| 103|0x0000000086700000, 0x0000000086800000, 0x0000000086800000|100%| O|  |TAMS 0x0000000086800000, 0x0000000086700000| Untracked 
| 104|0x0000000086800000, 0x0000000086900000, 0x0000000086900000|100%| O|  |TAMS 0x0000000086800000, 0x0000000086800000| Untracked 
| 105|0x0000000086900000, 0x0000000086a00000, 0x0000000086a00000|100%| O|  |TAMS 0x0000000086a00000, 0x0000000086900000| Untracked 
| 106|0x0000000086a00000, 0x0000000086b00000, 0x0000000086b00000|100%| O|  |TAMS 0x0000000086b00000, 0x0000000086a00000| Untracked 
| 107|0x0000000086b00000, 0x0000000086c00000, 0x0000000086c00000|100%| O|  |TAMS 0x0000000086c00000, 0x0000000086b00000| Untracked 
| 108|0x0000000086c00000, 0x0000000086d00000, 0x0000000086d00000|100%| O|  |TAMS 0x0000000086d00000, 0x0000000086c00000| Untracked 
| 109|0x0000000086d00000, 0x0000000086e00000, 0x0000000086e00000|100%| O|  |TAMS 0x0000000086e00000, 0x0000000086d00000| Untracked 
| 110|0x0000000086e00000, 0x0000000086f00000, 0x0000000086f00000|100%| O|  |TAMS 0x0000000086f00000, 0x0000000086e00000| Untracked 
| 111|0x0000000086f00000, 0x0000000087000000, 0x0000000087000000|100%| O|  |TAMS 0x0000000087000000, 0x0000000086f00000| Untracked 
| 112|0x0000000087000000, 0x0000000087100000, 0x0000000087100000|100%| O|  |TAMS 0x0000000087000000, 0x0000000087000000| Untracked 
| 113|0x0000000087100000, 0x0000000087200000, 0x0000000087200000|100%| O|  |TAMS 0x0000000087100000, 0x0000000087100000| Untracked 
| 114|0x0000000087200000, 0x0000000087300000, 0x0000000087300000|100%| O|  |TAMS 0x0000000087300000, 0x0000000087200000| Untracked 
| 115|0x0000000087300000, 0x0000000087400000, 0x0000000087400000|100%| O|  |TAMS 0x0000000087400000, 0x0000000087300000| Untracked 
| 116|0x0000000087400000, 0x0000000087500000, 0x0000000087500000|100%| O|  |TAMS 0x0000000087500000, 0x0000000087400000| Untracked 
| 117|0x0000000087500000, 0x0000000087600000, 0x0000000087600000|100%| O|  |TAMS 0x0000000087600000, 0x0000000087500000| Untracked 
| 118|0x0000000087600000, 0x0000000087700000, 0x0000000087700000|100%| O|  |TAMS 0x0000000087700000, 0x0000000087600000| Untracked 
| 119|0x0000000087700000, 0x0000000087800000, 0x0000000087800000|100%| O|  |TAMS 0x0000000087800000, 0x0000000087700000| Untracked 
| 120|0x0000000087800000, 0x0000000087800000, 0x0000000087900000|  0%| F|  |TAMS 0x0000000087800000, 0x0000000087800000| Untracked 
| 121|0x0000000087900000, 0x0000000087a00000, 0x0000000087a00000|100%| O|  |TAMS 0x0000000087a00000, 0x0000000087900000| Untracked 
| 122|0x0000000087a00000, 0x0000000087b00000, 0x0000000087b00000|100%| O|  |TAMS 0x0000000087b00000, 0x0000000087a00000| Untracked 
| 123|0x0000000087b00000, 0x0000000087c00000, 0x0000000087c00000|100%| O|  |TAMS 0x0000000087c00000, 0x0000000087b00000| Untracked 
| 124|0x0000000087c00000, 0x0000000087c00000, 0x0000000087d00000|  0%| F|  |TAMS 0x0000000087c00000, 0x0000000087c00000| Untracked 
| 125|0x0000000087d00000, 0x0000000087d00000, 0x0000000087e00000|  0%| F|  |TAMS 0x0000000087d00000, 0x0000000087d00000| Untracked 
| 126|0x0000000087e00000, 0x0000000087f00000, 0x0000000087f00000|100%| O|  |TAMS 0x0000000087f00000, 0x0000000087e00000| Untracked 
| 127|0x0000000087f00000, 0x0000000088000000, 0x0000000088000000|100%| O|  |TAMS 0x0000000088000000, 0x0000000087f00000| Untracked 
| 128|0x0000000088000000, 0x0000000088000000, 0x0000000088100000|  0%| F|  |TAMS 0x0000000088000000, 0x0000000088000000| Untracked 
| 129|0x0000000088100000, 0x00000000881a1a00, 0x0000000088200000| 63%| O|  |TAMS 0x0000000088100000, 0x0000000088100000| Untracked 
| 130|0x0000000088200000, 0x0000000088300000, 0x0000000088300000|100%| O|  |TAMS 0x0000000088300000, 0x0000000088200000| Untracked 
| 131|0x0000000088300000, 0x0000000088300000, 0x0000000088400000|  0%| F|  |TAMS 0x0000000088300000, 0x0000000088300000| Untracked 
| 132|0x0000000088400000, 0x0000000088500000, 0x0000000088500000|100%| O|  |TAMS 0x0000000088500000, 0x0000000088400000| Untracked 
| 133|0x0000000088500000, 0x0000000088600000, 0x0000000088600000|100%| O|  |TAMS 0x0000000088600000, 0x0000000088500000| Untracked 
| 134|0x0000000088600000, 0x0000000088700000, 0x0000000088700000|100%| O|  |TAMS 0x0000000088700000, 0x0000000088600000| Untracked 
| 135|0x0000000088700000, 0x0000000088800000, 0x0000000088800000|100%| O|  |TAMS 0x0000000088800000, 0x0000000088700000| Untracked 
| 136|0x0000000088800000, 0x0000000088800000, 0x0000000088900000|  0%| F|  |TAMS 0x0000000088800000, 0x0000000088800000| Untracked 
| 137|0x0000000088900000, 0x0000000088a00000, 0x0000000088a00000|100%| O|  |TAMS 0x0000000088a00000, 0x0000000088900000| Untracked 
| 138|0x0000000088a00000, 0x0000000088b00000, 0x0000000088b00000|100%| O|  |TAMS 0x0000000088b00000, 0x0000000088a00000| Untracked 
| 139|0x0000000088b00000, 0x0000000088b00000, 0x0000000088c00000|  0%| F|  |TAMS 0x0000000088b00000, 0x0000000088b00000| Untracked 
| 140|0x0000000088c00000, 0x0000000088d00000, 0x0000000088d00000|100%| O|  |TAMS 0x0000000088d00000, 0x0000000088c00000| Untracked 
| 141|0x0000000088d00000, 0x0000000088e00000, 0x0000000088e00000|100%| O|  |TAMS 0x0000000088e00000, 0x0000000088d00000| Untracked 
| 142|0x0000000088e00000, 0x0000000088e00000, 0x0000000088f00000|  0%| F|  |TAMS 0x0000000088e00000, 0x0000000088e00000| Untracked 
| 143|0x0000000088f00000, 0x0000000089000000, 0x0000000089000000|100%| O|  |TAMS 0x0000000089000000, 0x0000000088f00000| Untracked 
| 144|0x0000000089000000, 0x0000000089100000, 0x0000000089100000|100%| O|  |TAMS 0x0000000089100000, 0x0000000089000000| Untracked 
| 145|0x0000000089100000, 0x0000000089100000, 0x0000000089200000|  0%| F|  |TAMS 0x0000000089100000, 0x0000000089100000| Untracked 
| 146|0x0000000089200000, 0x0000000089200000, 0x0000000089300000|  0%| F|  |TAMS 0x0000000089200000, 0x0000000089200000| Untracked 
| 147|0x0000000089300000, 0x0000000089300000, 0x0000000089400000|  0%| F|  |TAMS 0x0000000089300000, 0x0000000089300000| Untracked 
| 148|0x0000000089400000, 0x0000000089400000, 0x0000000089500000|  0%| F|  |TAMS 0x0000000089400000, 0x0000000089400000| Untracked 
| 149|0x0000000089500000, 0x0000000089500000, 0x0000000089600000|  0%| F|  |TAMS 0x0000000089500000, 0x0000000089500000| Untracked 
| 150|0x0000000089600000, 0x0000000089600000, 0x0000000089700000|  0%| F|  |TAMS 0x0000000089600000, 0x0000000089600000| Untracked 
| 151|0x0000000089700000, 0x0000000089700000, 0x0000000089800000|  0%| F|  |TAMS 0x0000000089700000, 0x0000000089700000| Untracked 
| 152|0x0000000089800000, 0x0000000089900000, 0x0000000089900000|100%| O|  |TAMS 0x0000000089900000, 0x0000000089800000| Untracked 
| 153|0x0000000089900000, 0x0000000089a00000, 0x0000000089a00000|100%| O|  |TAMS 0x0000000089a00000, 0x0000000089900000| Untracked 
| 154|0x0000000089a00000, 0x0000000089a00000, 0x0000000089b00000|  0%| F|  |TAMS 0x0000000089a00000, 0x0000000089a00000| Untracked 
| 155|0x0000000089b00000, 0x0000000089b00000, 0x0000000089c00000|  0%| F|  |TAMS 0x0000000089b00000, 0x0000000089b00000| Untracked 
| 156|0x0000000089c00000, 0x0000000089d00000, 0x0000000089d00000|100%| O|  |TAMS 0x0000000089d00000, 0x0000000089c00000| Untracked 
| 157|0x0000000089d00000, 0x0000000089d00000, 0x0000000089e00000|  0%| F|  |TAMS 0x0000000089d00000, 0x0000000089d00000| Untracked 
| 158|0x0000000089e00000, 0x0000000089e00000, 0x0000000089f00000|  0%| F|  |TAMS 0x0000000089e00000, 0x0000000089e00000| Untracked 
| 159|0x0000000089f00000, 0x0000000089f00000, 0x000000008a000000|  0%| F|  |TAMS 0x0000000089f00000, 0x0000000089f00000| Untracked 
| 160|0x000000008a000000, 0x000000008a000000, 0x000000008a100000|  0%| F|  |TAMS 0x000000008a000000, 0x000000008a000000| Untracked 
| 161|0x000000008a100000, 0x000000008a100000, 0x000000008a200000|  0%| F|  |TAMS 0x000000008a100000, 0x000000008a100000| Untracked 
| 162|0x000000008a200000, 0x000000008a200000, 0x000000008a300000|  0%| F|  |TAMS 0x000000008a200000, 0x000000008a200000| Untracked 
| 163|0x000000008a300000, 0x000000008a300000, 0x000000008a400000|  0%| F|  |TAMS 0x000000008a300000, 0x000000008a300000| Untracked 
| 164|0x000000008a400000, 0x000000008a400000, 0x000000008a500000|  0%| F|  |TAMS 0x000000008a400000, 0x000000008a400000| Untracked 
| 165|0x000000008a500000, 0x000000008a500000, 0x000000008a600000|  0%| F|  |TAMS 0x000000008a500000, 0x000000008a500000| Untracked 
| 166|0x000000008a600000, 0x000000008a600000, 0x000000008a700000|  0%| F|  |TAMS 0x000000008a600000, 0x000000008a600000| Untracked 
| 167|0x000000008a700000, 0x000000008a700000, 0x000000008a800000|  0%| F|  |TAMS 0x000000008a700000, 0x000000008a700000| Untracked 
| 168|0x000000008a800000, 0x000000008a800000, 0x000000008a900000|  0%| F|  |TAMS 0x000000008a800000, 0x000000008a800000| Untracked 
| 169|0x000000008a900000, 0x000000008aa00000, 0x000000008aa00000|100%| O|  |TAMS 0x000000008aa00000, 0x000000008a900000| Untracked 
| 170|0x000000008aa00000, 0x000000008aa00000, 0x000000008ab00000|  0%| F|  |TAMS 0x000000008aa00000, 0x000000008aa00000| Untracked 
| 171|0x000000008ab00000, 0x000000008ab00000, 0x000000008ac00000|  0%| F|  |TAMS 0x000000008ab00000, 0x000000008ab00000| Untracked 
| 172|0x000000008ac00000, 0x000000008ac00000, 0x000000008ad00000|  0%| F|  |TAMS 0x000000008ac00000, 0x000000008ac00000| Untracked 
| 173|0x000000008ad00000, 0x000000008ae00000, 0x000000008ae00000|100%| O|  |TAMS 0x000000008ae00000, 0x000000008ad00000| Untracked 
| 174|0x000000008ae00000, 0x000000008af00000, 0x000000008af00000|100%| O|  |TAMS 0x000000008af00000, 0x000000008ae00000| Untracked 
| 175|0x000000008af00000, 0x000000008b000000, 0x000000008b000000|100%| O|  |TAMS 0x000000008b000000, 0x000000008af00000| Untracked 
| 176|0x000000008b000000, 0x000000008b100000, 0x000000008b100000|100%| O|  |TAMS 0x000000008b100000, 0x000000008b000000| Untracked 
| 177|0x000000008b100000, 0x000000008b200000, 0x000000008b200000|100%| O|  |TAMS 0x000000008b200000, 0x000000008b100000| Untracked 
| 178|0x000000008b200000, 0x000000008b300000, 0x000000008b300000|100%| O|  |TAMS 0x000000008b300000, 0x000000008b200000| Untracked 
| 179|0x000000008b300000, 0x000000008b300000, 0x000000008b400000|  0%| F|  |TAMS 0x000000008b300000, 0x000000008b300000| Untracked 
| 180|0x000000008b400000, 0x000000008b400000, 0x000000008b500000|  0%| F|  |TAMS 0x000000008b400000, 0x000000008b400000| Untracked 
| 181|0x000000008b500000, 0x000000008b500000, 0x000000008b600000|  0%| F|  |TAMS 0x000000008b500000, 0x000000008b500000| Untracked 
| 182|0x000000008b600000, 0x000000008b600000, 0x000000008b700000|  0%| F|  |TAMS 0x000000008b600000, 0x000000008b600000| Untracked 
| 183|0x000000008b700000, 0x000000008b700000, 0x000000008b800000|  0%| F|  |TAMS 0x000000008b700000, 0x000000008b700000| Untracked 
| 184|0x000000008b800000, 0x000000008b800000, 0x000000008b900000|  0%| F|  |TAMS 0x000000008b800000, 0x000000008b800000| Untracked 
| 185|0x000000008b900000, 0x000000008b900000, 0x000000008ba00000|  0%| F|  |TAMS 0x000000008b900000, 0x000000008b900000| Untracked 
| 186|0x000000008ba00000, 0x000000008ba00000, 0x000000008bb00000|  0%| F|  |TAMS 0x000000008ba00000, 0x000000008ba00000| Untracked 
| 187|0x000000008bb00000, 0x000000008bb00000, 0x000000008bc00000|  0%| F|  |TAMS 0x000000008bb00000, 0x000000008bb00000| Untracked 
| 188|0x000000008bc00000, 0x000000008bc00000, 0x000000008bd00000|  0%| F|  |TAMS 0x000000008bc00000, 0x000000008bc00000| Untracked 
| 189|0x000000008bd00000, 0x000000008bd00000, 0x000000008be00000|  0%| F|  |TAMS 0x000000008bd00000, 0x000000008bd00000| Untracked 
| 190|0x000000008be00000, 0x000000008be00000, 0x000000008bf00000|  0%| F|  |TAMS 0x000000008be00000, 0x000000008be00000| Untracked 
| 191|0x000000008bf00000, 0x000000008bf00000, 0x000000008c000000|  0%| F|  |TAMS 0x000000008bf00000, 0x000000008bf00000| Untracked 
| 192|0x000000008c000000, 0x000000008c000000, 0x000000008c100000|  0%| F|  |TAMS 0x000000008c000000, 0x000000008c000000| Untracked 
| 193|0x000000008c100000, 0x000000008c100000, 0x000000008c200000|  0%| F|  |TAMS 0x000000008c100000, 0x000000008c100000| Untracked 
| 194|0x000000008c200000, 0x000000008c200000, 0x000000008c300000|  0%| F|  |TAMS 0x000000008c200000, 0x000000008c200000| Untracked 
| 195|0x000000008c300000, 0x000000008c300000, 0x000000008c400000|  0%| F|  |TAMS 0x000000008c300000, 0x000000008c300000| Untracked 
| 196|0x000000008c400000, 0x000000008c400000, 0x000000008c500000|  0%| F|  |TAMS 0x000000008c400000, 0x000000008c400000| Untracked 
| 197|0x000000008c500000, 0x000000008c500000, 0x000000008c600000|  0%| F|  |TAMS 0x000000008c500000, 0x000000008c500000| Untracked 
| 198|0x000000008c600000, 0x000000008c600000, 0x000000008c700000|  0%| F|  |TAMS 0x000000008c600000, 0x000000008c600000| Untracked 
| 199|0x000000008c700000, 0x000000008c700000, 0x000000008c800000|  0%| F|  |TAMS 0x000000008c700000, 0x000000008c700000| Untracked 
| 200|0x000000008c800000, 0x000000008c800000, 0x000000008c900000|  0%| F|  |TAMS 0x000000008c800000, 0x000000008c800000| Untracked 
| 201|0x000000008c900000, 0x000000008c900000, 0x000000008ca00000|  0%| F|  |TAMS 0x000000008c900000, 0x000000008c900000| Untracked 
| 202|0x000000008ca00000, 0x000000008ca00000, 0x000000008cb00000|  0%| F|  |TAMS 0x000000008ca00000, 0x000000008ca00000| Untracked 
| 203|0x000000008cb00000, 0x000000008cb00000, 0x000000008cc00000|  0%| F|  |TAMS 0x000000008cb00000, 0x000000008cb00000| Untracked 
| 204|0x000000008cc00000, 0x000000008cc00000, 0x000000008cd00000|  0%| F|  |TAMS 0x000000008cc00000, 0x000000008cc00000| Untracked 
| 205|0x000000008cd00000, 0x000000008cd00000, 0x000000008ce00000|  0%| F|  |TAMS 0x000000008cd00000, 0x000000008cd00000| Untracked 
| 206|0x000000008ce00000, 0x000000008ce00000, 0x000000008cf00000|  0%| F|  |TAMS 0x000000008ce00000, 0x000000008ce00000| Untracked 
| 207|0x000000008cf00000, 0x000000008cf00000, 0x000000008d000000|  0%| F|  |TAMS 0x000000008cf00000, 0x000000008cf00000| Untracked 
| 208|0x000000008d000000, 0x000000008d000000, 0x000000008d100000|  0%| F|  |TAMS 0x000000008d000000, 0x000000008d000000| Untracked 
| 209|0x000000008d100000, 0x000000008d100000, 0x000000008d200000|  0%| F|  |TAMS 0x000000008d100000, 0x000000008d100000| Untracked 
| 210|0x000000008d200000, 0x000000008d200000, 0x000000008d300000|  0%| F|  |TAMS 0x000000008d200000, 0x000000008d200000| Untracked 
| 211|0x000000008d300000, 0x000000008d300000, 0x000000008d400000|  0%| F|  |TAMS 0x000000008d300000, 0x000000008d300000| Untracked 
| 212|0x000000008d400000, 0x000000008d400000, 0x000000008d500000|  0%| F|  |TAMS 0x000000008d400000, 0x000000008d400000| Untracked 
| 213|0x000000008d500000, 0x000000008d500000, 0x000000008d600000|  0%| F|  |TAMS 0x000000008d500000, 0x000000008d500000| Untracked 
| 214|0x000000008d600000, 0x000000008d600000, 0x000000008d700000|  0%| F|  |TAMS 0x000000008d600000, 0x000000008d600000| Untracked 
| 215|0x000000008d700000, 0x000000008d700000, 0x000000008d800000|  0%| F|  |TAMS 0x000000008d700000, 0x000000008d700000| Untracked 
| 216|0x000000008d800000, 0x000000008d800000, 0x000000008d900000|  0%| F|  |TAMS 0x000000008d800000, 0x000000008d800000| Untracked 
| 217|0x000000008d900000, 0x000000008d900000, 0x000000008da00000|  0%| F|  |TAMS 0x000000008d900000, 0x000000008d900000| Untracked 
| 218|0x000000008da00000, 0x000000008da00000, 0x000000008db00000|  0%| F|  |TAMS 0x000000008da00000, 0x000000008da00000| Untracked 
| 219|0x000000008db00000, 0x000000008db00000, 0x000000008dc00000|  0%| F|  |TAMS 0x000000008db00000, 0x000000008db00000| Untracked 
| 220|0x000000008dc00000, 0x000000008dc00000, 0x000000008dd00000|  0%| F|  |TAMS 0x000000008dc00000, 0x000000008dc00000| Untracked 
| 221|0x000000008dd00000, 0x000000008dd00000, 0x000000008de00000|  0%| F|  |TAMS 0x000000008dd00000, 0x000000008dd00000| Untracked 
| 222|0x000000008de00000, 0x000000008de00000, 0x000000008df00000|  0%| F|  |TAMS 0x000000008de00000, 0x000000008de00000| Untracked 
| 223|0x000000008df00000, 0x000000008df00000, 0x000000008e000000|  0%| F|  |TAMS 0x000000008df00000, 0x000000008df00000| Untracked 
| 224|0x000000008e000000, 0x000000008e000000, 0x000000008e100000|  0%| F|  |TAMS 0x000000008e000000, 0x000000008e000000| Untracked 
| 225|0x000000008e100000, 0x000000008e100000, 0x000000008e200000|  0%| F|  |TAMS 0x000000008e100000, 0x000000008e100000| Untracked 
| 226|0x000000008e200000, 0x000000008e200000, 0x000000008e300000|  0%| F|  |TAMS 0x000000008e200000, 0x000000008e200000| Untracked 
| 227|0x000000008e300000, 0x000000008e300000, 0x000000008e400000|  0%| F|  |TAMS 0x000000008e300000, 0x000000008e300000| Untracked 
| 228|0x000000008e400000, 0x000000008e400000, 0x000000008e500000|  0%| F|  |TAMS 0x000000008e400000, 0x000000008e400000| Untracked 
| 229|0x000000008e500000, 0x000000008e500000, 0x000000008e600000|  0%| F|  |TAMS 0x000000008e500000, 0x000000008e500000| Untracked 
| 230|0x000000008e600000, 0x000000008e600000, 0x000000008e700000|  0%| F|  |TAMS 0x000000008e600000, 0x000000008e600000| Untracked 
| 231|0x000000008e700000, 0x000000008e700000, 0x000000008e800000|  0%| F|  |TAMS 0x000000008e700000, 0x000000008e700000| Untracked 
| 232|0x000000008e800000, 0x000000008e800000, 0x000000008e900000|  0%| F|  |TAMS 0x000000008e800000, 0x000000008e800000| Untracked 
| 233|0x000000008e900000, 0x000000008e900000, 0x000000008ea00000|  0%| F|  |TAMS 0x000000008e900000, 0x000000008e900000| Untracked 
| 234|0x000000008ea00000, 0x000000008ea00000, 0x000000008eb00000|  0%| F|  |TAMS 0x000000008ea00000, 0x000000008ea00000| Untracked 
| 235|0x000000008eb00000, 0x000000008eb00000, 0x000000008ec00000|  0%| F|  |TAMS 0x000000008eb00000, 0x000000008eb00000| Untracked 
| 236|0x000000008ec00000, 0x000000008ec00000, 0x000000008ed00000|  0%| F|  |TAMS 0x000000008ec00000, 0x000000008ec00000| Untracked 
| 237|0x000000008ed00000, 0x000000008ed00000, 0x000000008ee00000|  0%| F|  |TAMS 0x000000008ed00000, 0x000000008ed00000| Untracked 
| 238|0x000000008ee00000, 0x000000008ee00000, 0x000000008ef00000|  0%| F|  |TAMS 0x000000008ee00000, 0x000000008ee00000| Untracked 
| 239|0x000000008ef00000, 0x000000008ef00000, 0x000000008f000000|  0%| F|  |TAMS 0x000000008ef00000, 0x000000008ef00000| Untracked 
| 240|0x000000008f000000, 0x000000008f000000, 0x000000008f100000|  0%| F|  |TAMS 0x000000008f000000, 0x000000008f000000| Untracked 
| 241|0x000000008f100000, 0x000000008f100000, 0x000000008f200000|  0%| F|  |TAMS 0x000000008f100000, 0x000000008f100000| Untracked 
| 242|0x000000008f200000, 0x000000008f200000, 0x000000008f300000|  0%| F|  |TAMS 0x000000008f200000, 0x000000008f200000| Untracked 
| 243|0x000000008f300000, 0x000000008f300000, 0x000000008f400000|  0%| F|  |TAMS 0x000000008f300000, 0x000000008f300000| Untracked 
| 244|0x000000008f400000, 0x000000008f400000, 0x000000008f500000|  0%| F|  |TAMS 0x000000008f400000, 0x000000008f400000| Untracked 
| 245|0x000000008f500000, 0x000000008f500000, 0x000000008f600000|  0%| F|  |TAMS 0x000000008f500000, 0x000000008f500000| Untracked 
| 246|0x000000008f600000, 0x000000008f600000, 0x000000008f700000|  0%| F|  |TAMS 0x000000008f600000, 0x000000008f600000| Untracked 
| 247|0x000000008f700000, 0x000000008f700000, 0x000000008f800000|  0%| F|  |TAMS 0x000000008f700000, 0x000000008f700000| Untracked 
| 248|0x000000008f800000, 0x000000008f800000, 0x000000008f900000|  0%| F|  |TAMS 0x000000008f800000, 0x000000008f800000| Untracked 
| 249|0x000000008f900000, 0x000000008f900000, 0x000000008fa00000|  0%| F|  |TAMS 0x000000008f900000, 0x000000008f900000| Untracked 
| 250|0x000000008fa00000, 0x000000008fa00000, 0x000000008fb00000|  0%| F|  |TAMS 0x000000008fa00000, 0x000000008fa00000| Untracked 
| 251|0x000000008fb00000, 0x000000008fb00000, 0x000000008fc00000|  0%| F|  |TAMS 0x000000008fb00000, 0x000000008fb00000| Untracked 
| 252|0x000000008fc00000, 0x000000008fc00000, 0x000000008fd00000|  0%| F|  |TAMS 0x000000008fc00000, 0x000000008fc00000| Untracked 
| 253|0x000000008fd00000, 0x000000008fd00000, 0x000000008fe00000|  0%| F|  |TAMS 0x000000008fd00000, 0x000000008fd00000| Untracked 
| 254|0x000000008fe00000, 0x000000008fe00000, 0x000000008ff00000|  0%| F|  |TAMS 0x000000008fe00000, 0x000000008fe00000| Untracked 
| 255|0x000000008ff00000, 0x000000008ff00000, 0x0000000090000000|  0%| F|  |TAMS 0x000000008ff00000, 0x000000008ff00000| Untracked 
| 256|0x0000000090000000, 0x0000000090000000, 0x0000000090100000|  0%| F|  |TAMS 0x0000000090000000, 0x0000000090000000| Untracked 
| 257|0x0000000090100000, 0x0000000090100000, 0x0000000090200000|  0%| F|  |TAMS 0x0000000090100000, 0x0000000090100000| Untracked 
| 258|0x0000000090200000, 0x0000000090200000, 0x0000000090300000|  0%| F|  |TAMS 0x0000000090200000, 0x0000000090200000| Untracked 
| 259|0x0000000090300000, 0x0000000090300000, 0x0000000090400000|  0%| F|  |TAMS 0x0000000090300000, 0x0000000090300000| Untracked 
| 260|0x0000000090400000, 0x0000000090400000, 0x0000000090500000|  0%| F|  |TAMS 0x0000000090400000, 0x0000000090400000| Untracked 
| 261|0x0000000090500000, 0x0000000090500000, 0x0000000090600000|  0%| F|  |TAMS 0x0000000090500000, 0x0000000090500000| Untracked 
| 262|0x0000000090600000, 0x0000000090600000, 0x0000000090700000|  0%| F|  |TAMS 0x0000000090600000, 0x0000000090600000| Untracked 
| 263|0x0000000090700000, 0x0000000090700000, 0x0000000090800000|  0%| F|  |TAMS 0x0000000090700000, 0x0000000090700000| Untracked 
| 264|0x0000000090800000, 0x0000000090800000, 0x0000000090900000|  0%| F|  |TAMS 0x0000000090800000, 0x0000000090800000| Untracked 
| 265|0x0000000090900000, 0x0000000090900000, 0x0000000090a00000|  0%| F|  |TAMS 0x0000000090900000, 0x0000000090900000| Untracked 
| 266|0x0000000090a00000, 0x0000000090a00000, 0x0000000090b00000|  0%| F|  |TAMS 0x0000000090a00000, 0x0000000090a00000| Untracked 
| 267|0x0000000090b00000, 0x0000000090b00000, 0x0000000090c00000|  0%| F|  |TAMS 0x0000000090b00000, 0x0000000090b00000| Untracked 
| 268|0x0000000090c00000, 0x0000000090c00000, 0x0000000090d00000|  0%| F|  |TAMS 0x0000000090c00000, 0x0000000090c00000| Untracked 
| 269|0x0000000090d00000, 0x0000000090d00000, 0x0000000090e00000|  0%| F|  |TAMS 0x0000000090d00000, 0x0000000090d00000| Untracked 
| 270|0x0000000090e00000, 0x0000000090e00000, 0x0000000090f00000|  0%| F|  |TAMS 0x0000000090e00000, 0x0000000090e00000| Untracked 
| 271|0x0000000090f00000, 0x0000000090f00000, 0x0000000091000000|  0%| F|  |TAMS 0x0000000090f00000, 0x0000000090f00000| Untracked 
| 272|0x0000000091000000, 0x0000000091000000, 0x0000000091100000|  0%| F|  |TAMS 0x0000000091000000, 0x0000000091000000| Untracked 
| 273|0x0000000091100000, 0x0000000091100000, 0x0000000091200000|  0%| F|  |TAMS 0x0000000091100000, 0x0000000091100000| Untracked 
| 274|0x0000000091200000, 0x0000000091200000, 0x0000000091300000|  0%| F|  |TAMS 0x0000000091200000, 0x0000000091200000| Untracked 
| 275|0x0000000091300000, 0x0000000091300000, 0x0000000091400000|  0%| F|  |TAMS 0x0000000091300000, 0x0000000091300000| Untracked 
| 276|0x0000000091400000, 0x0000000091400000, 0x0000000091500000|  0%| F|  |TAMS 0x0000000091400000, 0x0000000091400000| Untracked 
| 277|0x0000000091500000, 0x0000000091500000, 0x0000000091600000|  0%| F|  |TAMS 0x0000000091500000, 0x0000000091500000| Untracked 
| 278|0x0000000091600000, 0x0000000091600000, 0x0000000091700000|  0%| F|  |TAMS 0x0000000091600000, 0x0000000091600000| Untracked 
| 279|0x0000000091700000, 0x0000000091700000, 0x0000000091800000|  0%| F|  |TAMS 0x0000000091700000, 0x0000000091700000| Untracked 
| 280|0x0000000091800000, 0x0000000091800000, 0x0000000091900000|  0%| F|  |TAMS 0x0000000091800000, 0x0000000091800000| Untracked 
| 281|0x0000000091900000, 0x0000000091900000, 0x0000000091a00000|  0%| F|  |TAMS 0x0000000091900000, 0x0000000091900000| Untracked 
| 282|0x0000000091a00000, 0x0000000091aae430, 0x0000000091b00000| 68%| E|  |TAMS 0x0000000091a00000, 0x0000000091a00000| Complete 
| 283|0x0000000091b00000, 0x0000000091c00000, 0x0000000091c00000|100%| E|  |TAMS 0x0000000091b00000, 0x0000000091b00000| Complete 
| 284|0x0000000091c00000, 0x0000000091d00000, 0x0000000091d00000|100%| E|CS|TAMS 0x0000000091c00000, 0x0000000091c00000| Complete 
| 285|0x0000000091d00000, 0x0000000091e00000, 0x0000000091e00000|100%| E|CS|TAMS 0x0000000091d00000, 0x0000000091d00000| Complete 
| 286|0x0000000091e00000, 0x0000000091f00000, 0x0000000091f00000|100%| E|CS|TAMS 0x0000000091e00000, 0x0000000091e00000| Complete 
| 287|0x0000000091f00000, 0x0000000092000000, 0x0000000092000000|100%| E|CS|TAMS 0x0000000091f00000, 0x0000000091f00000| Complete 
| 288|0x0000000092000000, 0x0000000092100000, 0x0000000092100000|100%| E|CS|TAMS 0x0000000092000000, 0x0000000092000000| Complete 
| 289|0x0000000092100000, 0x0000000092200000, 0x0000000092200000|100%| E|CS|TAMS 0x0000000092100000, 0x0000000092100000| Complete 
| 290|0x0000000092200000, 0x0000000092300000, 0x0000000092300000|100%| E|CS|TAMS 0x0000000092200000, 0x0000000092200000| Complete 
| 291|0x0000000092300000, 0x0000000092400000, 0x0000000092400000|100%| E|CS|TAMS 0x0000000092300000, 0x0000000092300000| Complete 
| 292|0x0000000092400000, 0x0000000092500000, 0x0000000092500000|100%| E|CS|TAMS 0x0000000092400000, 0x0000000092400000| Complete 
| 293|0x0000000092500000, 0x0000000092600000, 0x0000000092600000|100%| E|CS|TAMS 0x0000000092500000, 0x0000000092500000| Complete 
| 294|0x0000000092600000, 0x0000000092700000, 0x0000000092700000|100%| E|CS|TAMS 0x0000000092600000, 0x0000000092600000| Complete 
| 295|0x0000000092700000, 0x0000000092800000, 0x0000000092800000|100%| E|CS|TAMS 0x0000000092700000, 0x0000000092700000| Complete 
| 296|0x0000000092800000, 0x0000000092900000, 0x0000000092900000|100%| E|CS|TAMS 0x0000000092800000, 0x0000000092800000| Complete 
| 297|0x0000000092900000, 0x0000000092a00000, 0x0000000092a00000|100%| E|CS|TAMS 0x0000000092900000, 0x0000000092900000| Complete 
| 298|0x0000000092a00000, 0x0000000092b00000, 0x0000000092b00000|100%| E|CS|TAMS 0x0000000092a00000, 0x0000000092a00000| Complete 
| 299|0x0000000092b00000, 0x0000000092c00000, 0x0000000092c00000|100%| E|CS|TAMS 0x0000000092b00000, 0x0000000092b00000| Complete 
| 300|0x0000000092c00000, 0x0000000092d00000, 0x0000000092d00000|100%| E|CS|TAMS 0x0000000092c00000, 0x0000000092c00000| Complete 
| 301|0x0000000092d00000, 0x0000000092e00000, 0x0000000092e00000|100%| E|CS|TAMS 0x0000000092d00000, 0x0000000092d00000| Complete 
| 302|0x0000000092e00000, 0x0000000092f00000, 0x0000000092f00000|100%| E|CS|TAMS 0x0000000092e00000, 0x0000000092e00000| Complete 
| 303|0x0000000092f00000, 0x0000000093000000, 0x0000000093000000|100%| E|CS|TAMS 0x0000000092f00000, 0x0000000092f00000| Complete 
| 304|0x0000000093000000, 0x0000000093100000, 0x0000000093100000|100%| E|CS|TAMS 0x0000000093000000, 0x0000000093000000| Complete 
| 305|0x0000000093100000, 0x00000000931ee570, 0x0000000093200000| 93%| S|CS|TAMS 0x0000000093100000, 0x0000000093100000| Complete 
| 306|0x0000000093200000, 0x0000000093300000, 0x0000000093300000|100%| E|CS|TAMS 0x0000000093200000, 0x0000000093200000| Complete 
| 307|0x0000000093300000, 0x0000000093400000, 0x0000000093400000|100%| E|CS|TAMS 0x0000000093300000, 0x0000000093300000| Complete 
| 308|0x0000000093400000, 0x0000000093500000, 0x0000000093500000|100%| E|CS|TAMS 0x0000000093400000, 0x0000000093400000| Complete 
| 309|0x0000000093500000, 0x0000000093600000, 0x0000000093600000|100%| E|CS|TAMS 0x0000000093500000, 0x0000000093500000| Complete 
| 310|0x0000000093600000, 0x0000000093700000, 0x0000000093700000|100%| E|CS|TAMS 0x0000000093600000, 0x0000000093600000| Complete 
| 311|0x0000000093700000, 0x0000000093800000, 0x0000000093800000|100%| E|CS|TAMS 0x0000000093700000, 0x0000000093700000| Complete 
| 312|0x0000000093800000, 0x0000000093900000, 0x0000000093900000|100%| E|CS|TAMS 0x0000000093800000, 0x0000000093800000| Complete 
| 313|0x0000000093900000, 0x0000000093a00000, 0x0000000093a00000|100%| E|CS|TAMS 0x0000000093900000, 0x0000000093900000| Complete 
| 314|0x0000000093a00000, 0x0000000093b00000, 0x0000000093b00000|100%| E|CS|TAMS 0x0000000093a00000, 0x0000000093a00000| Complete 
| 315|0x0000000093b00000, 0x0000000093c00000, 0x0000000093c00000|100%| E|CS|TAMS 0x0000000093b00000, 0x0000000093b00000| Complete 
| 316|0x0000000093c00000, 0x0000000093d00000, 0x0000000093d00000|100%| E|CS|TAMS 0x0000000093c00000, 0x0000000093c00000| Complete 
| 317|0x0000000093d00000, 0x0000000093e00000, 0x0000000093e00000|100%| E|CS|TAMS 0x0000000093d00000, 0x0000000093d00000| Complete 
| 318|0x0000000093e00000, 0x0000000093f00000, 0x0000000093f00000|100%| E|CS|TAMS 0x0000000093e00000, 0x0000000093e00000| Complete 
| 319|0x0000000093f00000, 0x0000000094000000, 0x0000000094000000|100%| E|CS|TAMS 0x0000000093f00000, 0x0000000093f00000| Complete 
| 320|0x0000000094000000, 0x0000000094100000, 0x0000000094100000|100%| E|CS|TAMS 0x0000000094000000, 0x0000000094000000| Complete 

Card table byte_map: [0x000001987a290000,0x000001987a690000] _byte_map_base: 0x0000019879e90000

Marking Bits (Prev, Next): (CMBitMap*) 0x0000019866d9dd88, (CMBitMap*) 0x0000019866d9ddc0
 Prev Bits: [0x000001987aa90000, 0x000001987ca90000)
 Next Bits: [0x000001987ca90000, 0x000001987ea90000)

Polling page: 0x0000019865440000

Metaspace:

Usage:
  Non-class:    117.75 MB capacity,   115.09 MB ( 98%) used,     2.25 MB (  2%) free+waste,   420.88 KB ( <1%) overhead. 
      Class:     17.44 MB capacity,    16.05 MB ( 92%) used,     1.22 MB (  7%) free+waste,   184.50 KB (  1%) overhead. 
       Both:    135.19 MB capacity,   131.14 MB ( 97%) used,     3.46 MB (  3%) free+waste,   605.38 KB ( <1%) overhead. 

Virtual space:
  Non-class space:      118.00 MB reserved,     117.88 MB (>99%) committed 
      Class space:        1.00 GB reserved,      17.50 MB (  2%) committed 
             Both:        1.12 GB reserved,     135.38 MB ( 12%) committed 

Chunk freelists:
   Non-Class:  5.00 KB
       Class:  25.00 KB
        Both:  30.00 KB

MaxMetaspaceSize: 17179869184.00 GB
CompressedClassSpaceSize: 1.00 GB
Initial GC threshold: 20.80 MB
Current GC threshold: 218.13 MB
CDS: off

CodeHeap 'non-profiled nmethods': size=120064Kb used=10117Kb max_used=10200Kb free=109946Kb
 bounds [0x0000019872330000, 0x0000019872d40000, 0x0000019879870000]
CodeHeap 'profiled nmethods': size=120000Kb used=43653Kb max_used=43653Kb free=76346Kb
 bounds [0x000001986ae00000, 0x000001986d8b0000, 0x0000019872330000]
CodeHeap 'non-nmethods': size=5696Kb used=2554Kb max_used=2612Kb free=3141Kb
 bounds [0x000001986a870000, 0x000001986ab10000, 0x000001986ae00000]
 total_blobs=22570 nmethods=21461 adapters=1020
 compilation: enabled
              stopped_count=0, restarted_count=0
 full_count=0

Compilation events (20 events):
Event: 390.208 Thread 0x000001987f0fa800 23225       1       org.gradle.api.internal.artifacts.transform.DefaultTransformerInvocationFactory$AbstractTransformerExecution::access$300 (5 bytes)
Event: 390.208 Thread 0x000001987f0fa800 nmethod 23225 0x0000019872383d90 code [0x0000019872383f40, 0x0000019872383fd8]
Event: 390.208 Thread 0x000001987f0fa800 23226       1       org.gradle.api.internal.artifacts.transform.DefaultTransformer$IsolatedParameters::getIsolatedParameterObject (5 bytes)
Event: 390.208 Thread 0x000001987f0fa800 nmethod 23226 0x0000019872383a90 code [0x0000019872383c40, 0x0000019872383cf8]
Event: 390.214 Thread 0x000001987f0fa800 23227   !   2       sun.nio.cs.StreamEncoder::implClose (128 bytes)
Event: 390.215 Thread 0x000001987f0fa800 nmethod 23227 0x000001986d89a190 code [0x000001986d89a3a0, 0x000001986d89a708]
Event: 390.215 Thread 0x000001987f0fa800 23228       2       sun.nio.cs.StreamEncoder::flushLeftoverChar (243 bytes)
Event: 390.217 Thread 0x000001987f0fa800 nmethod 23228 0x000001986d89aa10 code [0x000001986d89ac80, 0x000001986d89b4e8]
Event: 390.228 Thread 0x000001987f0fa800 23229       1       org.gradle.api.internal.artifacts.transform.DefaultTransformerInvocationFactory$AbstractTransformerExecution$2::getOutput (5 bytes)
Event: 390.229 Thread 0x000001987f0fa800 nmethod 23229 0x0000019872383790 code [0x0000019872383940, 0x00000198723839f8]
Event: 390.230 Thread 0x000001987f0fa800 23230       2       com.google.common.collect.ImmutableMultimap::builder (8 bytes)
Event: 390.230 Thread 0x000001987f0fa800 nmethod 23230 0x000001986d89b910 code [0x000001986d89bac0, 0x000001986d89bcb8]
Event: 390.268 Thread 0x000001987f0fa800 23232       2       org.gradle.internal.execution.history.impl.DefaultPreviousExecutionStateSerializer::read (145 bytes)
Event: 390.270 Thread 0x000001987f0fa800 nmethod 23232 0x000001986d89bd90 code [0x000001986d89c040, 0x000001986d89cb88]
Event: 390.270 Thread 0x000001987f0fa800 23233       2       org.gradle.internal.execution.history.impl.DefaultPreviousExecutionStateSerializer::readInputProperties (75 bytes)
Event: 390.272 Thread 0x000001987f0fa800 nmethod 23233 0x000001986d89d110 code [0x000001986d89d3a0, 0x000001986d89dea8]
Event: 390.272 Thread 0x000001987f0fa800 23231       2       org.gradle.internal.execution.history.impl.DefaultPreviousExecutionStateSerializer::read (6 bytes)
Event: 390.273 Thread 0x000001987f0fa800 nmethod 23231 0x000001986d89e310 code [0x000001986d89e4c0, 0x000001986d89e5c8]
Event: 390.296 Thread 0x000001987f0fa800 23234       2       org.gradle.internal.resources.DefaultResourceLockCoordinationService$ReleaseLocks::transform (42 bytes)
Event: 390.297 Thread 0x000001987f0fa800 nmethod 23234 0x000001986d89e690 code [0x000001986d89e880, 0x000001986d89ead8]

GC Heap History (20 events):
Event: 384.591 GC heap before
{Heap before GC invocations=54 (full 0):
 garbage-first heap   total 227328K, used 178338K [0x0000000080000000, 0x0000000100000000)
  region size 1024K, 9 young (9216K), 2 survivors (2048K)
 Metaspace       used 122569K, capacity 126540K, committed 126720K, reserved 1159168K
  class space    used 15296K, capacity 16696K, committed 16768K, reserved 1048576K
}
Event: 384.600 GC heap after
{Heap after GC invocations=55 (full 0):
 garbage-first heap   total 227328K, used 172498K [0x0000000080000000, 0x0000000100000000)
  region size 1024K, 2 young (2048K), 2 survivors (2048K)
 Metaspace       used 122569K, capacity 126540K, committed 126720K, reserved 1159168K
  class space    used 15296K, capacity 16696K, committed 16768K, reserved 1048576K
}
Event: 385.583 GC heap before
{Heap before GC invocations=56 (full 0):
 garbage-first heap   total 227328K, used 198098K [0x0000000080000000, 0x0000000100000000)
  region size 1024K, 19 young (19456K), 2 survivors (2048K)
 Metaspace       used 125061K, capacity 129147K, committed 129280K, reserved 1161216K
  class space    used 15539K, capacity 16966K, committed 17024K, reserved 1048576K
}
Event: 385.597 GC heap after
{Heap after GC invocations=57 (full 0):
 garbage-first heap   total 227328K, used 175548K [0x0000000080000000, 0x0000000100000000)
  region size 1024K, 3 young (3072K), 3 survivors (3072K)
 Metaspace       used 125061K, capacity 129147K, committed 129280K, reserved 1161216K
  class space    used 15539K, capacity 16966K, committed 17024K, reserved 1048576K
}
Event: 385.726 GC heap before
{Heap before GC invocations=57 (full 0):
 garbage-first heap   total 227328K, used 182716K [0x0000000080000000, 0x0000000100000000)
  region size 1024K, 11 young (11264K), 3 survivors (3072K)
 Metaspace       used 125074K, capacity 129147K, committed 129280K, reserved 1161216K
  class space    used 15539K, capacity 16966K, committed 17024K, reserved 1048576K
}
Event: 385.748 GC heap after
{Heap after GC invocations=58 (full 0):
 garbage-first heap   total 227328K, used 174493K [0x0000000080000000, 0x0000000100000000)
  region size 1024K, 2 young (2048K), 2 survivors (2048K)
 Metaspace       used 125074K, capacity 129147K, committed 129280K, reserved 1161216K
  class space    used 15539K, capacity 16966K, committed 17024K, reserved 1048576K
}
Event: 386.050 GC heap before
{Heap before GC invocations=58 (full 0):
 garbage-first heap   total 227328K, used 189853K [0x0000000080000000, 0x0000000100000000)
  region size 1024K, 18 young (18432K), 2 survivors (2048K)
 Metaspace       used 125139K, capacity 129215K, committed 129280K, reserved 1161216K
  class space    used 15545K, capacity 16967K, committed 17024K, reserved 1048576K
}
Event: 386.064 GC heap after
{Heap after GC invocations=59 (full 0):
 garbage-first heap   total 227328K, used 176020K [0x0000000080000000, 0x0000000100000000)
  region size 1024K, 3 young (3072K), 3 survivors (3072K)
 Metaspace       used 125139K, capacity 129215K, committed 129280K, reserved 1161216K
  class space    used 15545K, capacity 16967K, committed 17024K, reserved 1048576K
}
Event: 386.539 GC heap before
{Heap before GC invocations=59 (full 0):
 garbage-first heap   total 227328K, used 209812K [0x0000000080000000, 0x0000000100000000)
  region size 1024K, 20 young (20480K), 3 survivors (3072K)
 Metaspace       used 125366K, capacity 129481K, committed 129536K, reserved 1161216K
  class space    used 15563K, capacity 17007K, committed 17024K, reserved 1048576K
}
Event: 386.555 GC heap after
{Heap after GC invocations=60 (full 0):
 garbage-first heap   total 273408K, used 176670K [0x0000000080000000, 0x0000000100000000)
  region size 1024K, 1 young (1024K), 1 survivors (1024K)
 Metaspace       used 125366K, capacity 129481K, committed 129536K, reserved 1161216K
  class space    used 15563K, capacity 17007K, committed 17024K, reserved 1048576K
}
Event: 387.437 GC heap before
{Heap before GC invocations=61 (full 0):
 garbage-first heap   total 273408K, used 215582K [0x0000000080000000, 0x0000000100000000)
  region size 1024K, 40 young (40960K), 1 survivors (1024K)
 Metaspace       used 128371K, capacity 132452K, committed 132608K, reserved 1165312K
  class space    used 15800K, capacity 17238K, committed 17280K, reserved 1048576K
}
Event: 387.451 GC heap after
{Heap after GC invocations=62 (full 0):
 garbage-first heap   total 273408K, used 183212K [0x0000000080000000, 0x0000000100000000)
  region size 1024K, 5 young (5120K), 5 survivors (5120K)
 Metaspace       used 128371K, capacity 132452K, committed 132608K, reserved 1165312K
  class space    used 15800K, capacity 17238K, committed 17280K, reserved 1048576K
}
Event: 387.946 GC heap before
{Heap before GC invocations=62 (full 0):
 garbage-first heap   total 273408K, used 221100K [0x0000000080000000, 0x0000000100000000)
  region size 1024K, 42 young (43008K), 5 survivors (5120K)
 Metaspace       used 129111K, capacity 133220K, committed 133504K, reserved 1165312K
  class space    used 15842K, capacity 17302K, committed 17408K, reserved 1048576K
}
Event: 387.962 GC heap after
{Heap after GC invocations=63 (full 0):
 garbage-first heap   total 273408K, used 186939K [0x0000000080000000, 0x0000000100000000)
  region size 1024K, 4 young (4096K), 4 survivors (4096K)
 Metaspace       used 129111K, capacity 133220K, committed 133504K, reserved 1165312K
  class space    used 15842K, capacity 17302K, committed 17408K, reserved 1048576K
}
Event: 388.483 GC heap before
{Heap before GC invocations=63 (full 0):
 garbage-first heap   total 273408K, used 203323K [0x0000000080000000, 0x0000000100000000)
  region size 1024K, 41 young (41984K), 4 survivors (4096K)
 Metaspace       used 129941K, capacity 134020K, committed 134272K, reserved 1167360K
  class space    used 15903K, capacity 17334K, committed 17408K, reserved 1048576K
}
Event: 388.494 GC heap after
{Heap after GC invocations=64 (full 0):
 garbage-first heap   total 273408K, used 165681K [0x0000000080000000, 0x0000000100000000)
  region size 1024K, 1 young (1024K), 1 survivors (1024K)
 Metaspace       used 129941K, capacity 134020K, committed 134272K, reserved 1167360K
  class space    used 15903K, capacity 17334K, committed 17408K, reserved 1048576K
}
Event: 389.382 GC heap before
{Heap before GC invocations=65 (full 0):
 garbage-first heap   total 273408K, used 212785K [0x0000000080000000, 0x0000000100000000)
  region size 1024K, 48 young (49152K), 1 survivors (1024K)
 Metaspace       used 131627K, capacity 135703K, committed 135808K, reserved 1167360K
  class space    used 16122K, capacity 17574K, committed 17664K, reserved 1048576K
}
Event: 389.392 GC heap after
{Heap after GC invocations=66 (full 0):
 garbage-first heap   total 328704K, used 165764K [0x0000000080000000, 0x0000000100000000)
  region size 1024K, 1 young (1024K), 1 survivors (1024K)
 Metaspace       used 131627K, capacity 135703K, committed 135808K, reserved 1167360K
  class space    used 16122K, capacity 17574K, committed 17664K, reserved 1048576K
}
Event: 389.606 GC heap before
{Heap before GC invocations=66 (full 0):
 garbage-first heap   total 328704K, used 180100K [0x0000000080000000, 0x0000000100000000)
  region size 1024K, 16 young (16384K), 1 survivors (1024K)
 Metaspace       used 132828K, capacity 136919K, committed 137216K, reserved 1169408K
  class space    used 16276K, capacity 17702K, committed 17792K, reserved 1048576K
}
Event: 389.616 GC heap after
{Heap after GC invocations=67 (full 0):
 garbage-first heap   total 328704K, used 151103K [0x0000000080000000, 0x0000000100000000)
  region size 1024K, 1 young (1024K), 1 survivors (1024K)
 Metaspace       used 132828K, capacity 136919K, committed 137216K, reserved 1169408K
  class space    used 16276K, capacity 17702K, committed 17792K, reserved 1048576K
}

Deoptimization events (20 events):
Event: 390.111 Thread 0x000001980d9a3800 DEOPT PACKING pc=0x000001986d88f2af sp=0x0000003a10bfa7c0
Event: 390.111 Thread 0x000001980d9a3800 DEOPT UNPACKING pc=0x000001986a8ba95e sp=0x0000003a10bf9ce8 mode 0
Event: 390.117 Thread 0x000001980d9a3800 DEOPT PACKING pc=0x000001986d88f2af sp=0x0000003a10bfa7c0
Event: 390.117 Thread 0x000001980d9a3800 DEOPT UNPACKING pc=0x000001986a8ba95e sp=0x0000003a10bf9ce8 mode 0
Event: 390.122 Thread 0x000001980d9a3800 DEOPT PACKING pc=0x000001986d88f2af sp=0x0000003a10bfa3b0
Event: 390.122 Thread 0x000001980d9a3800 DEOPT UNPACKING pc=0x000001986a8ba95e sp=0x0000003a10bf98d8 mode 0
Event: 390.153 Thread 0x0000019805f5d000 DEOPT PACKING pc=0x000001986afeeadd sp=0x0000003a0fffbb70
Event: 390.153 Thread 0x0000019805f5d000 DEOPT UNPACKING pc=0x000001986a8ba95e sp=0x0000003a0fffb0b8 mode 0
Event: 390.165 Thread 0x000001987fb05000 DEOPT PACKING pc=0x000001986d725934 sp=0x0000003a0e7fd7a0
Event: 390.165 Thread 0x000001987fb05000 DEOPT UNPACKING pc=0x000001986a8ba95e sp=0x0000003a0e7fcd40 mode 0
Event: 390.183 Thread 0x000001980370c000 DEOPT PACKING pc=0x000001986d88f2af sp=0x0000003a101fb510
Event: 390.183 Thread 0x000001980370c000 DEOPT UNPACKING pc=0x000001986a8ba95e sp=0x0000003a101faa38 mode 0
Event: 390.194 Thread 0x000001980d9a9800 DEOPT PACKING pc=0x000001986af2b121 sp=0x0000003a105fba00
Event: 390.194 Thread 0x000001980d9a9800 DEOPT UNPACKING pc=0x000001986a8ba95e sp=0x0000003a105faf40 mode 0
Event: 390.261 Thread 0x0000019805f5e800 DEOPT PACKING pc=0x000001986d725934 sp=0x0000003a0f8fb4f0
Event: 390.261 Thread 0x0000019805f5e800 DEOPT UNPACKING pc=0x000001986a8ba95e sp=0x0000003a0f8faa90 mode 0
Event: 390.265 Thread 0x000001987fb00000 DEOPT PACKING pc=0x000001986ae168b1 sp=0x0000003a0e9fd8e0
Event: 390.265 Thread 0x000001987fb00000 DEOPT UNPACKING pc=0x000001986a8ba95e sp=0x0000003a0e9fcdb0 mode 0
Event: 390.273 Thread 0x0000019802c7e800 DEOPT PACKING pc=0x000001986d88f2af sp=0x0000003a0e0fc180
Event: 390.273 Thread 0x0000019802c7e800 DEOPT UNPACKING pc=0x000001986a8ba95e sp=0x0000003a0e0fb6a8 mode 0

Classes redefined (0 events):
No events

Internal exceptions (20 events):
Event: 384.453 Thread 0x0000019802c78000 Exception <a 'java/lang/NoSuchMethodError'{0x000000008d66f848}: <clinit>> (0x000000008d66f848) thrown at [./src/hotspot/share/prims/jni.cpp, line 1365]
Event: 384.453 Thread 0x0000019802c78000 Exception <a 'java/lang/NoSuchMethodError'{0x000000008d672c08}: <clinit>> (0x000000008d672c08) thrown at [./src/hotspot/share/prims/jni.cpp, line 1365]
Event: 384.454 Thread 0x0000019802c78000 Exception <a 'java/lang/NoSuchMethodError'{0x000000008d678030}: <clinit>> (0x000000008d678030) thrown at [./src/hotspot/share/prims/jni.cpp, line 1365]
Event: 384.454 Thread 0x0000019802c78000 Exception <a 'java/lang/NoSuchMethodError'{0x000000008d683fc8}: <clinit>> (0x000000008d683fc8) thrown at [./src/hotspot/share/prims/jni.cpp, line 1365]
Event: 384.459 Thread 0x0000019802c78000 Exception <a 'java/lang/NoSuchMethodError'{0x000000008d6e5f58}: <clinit>> (0x000000008d6e5f58) thrown at [./src/hotspot/share/prims/jni.cpp, line 1365]
Event: 384.481 Thread 0x0000019802c78000 Exception <a 'java/lang/NoSuchMethodError'{0x000000008dd210b8}: <clinit>> (0x000000008dd210b8) thrown at [./src/hotspot/share/prims/jni.cpp, line 1365]
Event: 384.486 Thread 0x0000019802c78000 Exception <a 'java/lang/NoSuchMethodError'{0x000000008dd69ba0}: <clinit>> (0x000000008dd69ba0) thrown at [./src/hotspot/share/prims/jni.cpp, line 1365]
Event: 384.486 Thread 0x0000019802c78000 Exception <a 'java/lang/NoSuchMethodError'{0x000000008dd6daa8}: <clinit>> (0x000000008dd6daa8) thrown at [./src/hotspot/share/prims/jni.cpp, line 1365]
Event: 384.486 Thread 0x0000019802c78000 Exception <a 'java/lang/NoSuchMethodError'{0x000000008dd711b8}: <clinit>> (0x000000008dd711b8) thrown at [./src/hotspot/share/prims/jni.cpp, line 1365]
Event: 384.488 Thread 0x0000019802c78000 Exception <a 'java/lang/NoSuchMethodError'{0x000000008dd92688}: <clinit>> (0x000000008dd92688) thrown at [./src/hotspot/share/prims/jni.cpp, line 1365]
Event: 384.490 Thread 0x0000019802c78000 Exception <a 'java/lang/NoSuchMethodError'{0x000000008ddb3118}: <clinit>> (0x000000008ddb3118) thrown at [./src/hotspot/share/prims/jni.cpp, line 1365]
Event: 384.493 Thread 0x0000019802c78000 Exception <a 'java/lang/NoSuchMethodError'{0x000000008dddf5e0}: <clinit>> (0x000000008dddf5e0) thrown at [./src/hotspot/share/prims/jni.cpp, line 1365]
Event: 384.495 Thread 0x0000019802c78000 Exception <a 'java/lang/NoSuchMethodError'{0x000000008ddf7268}: <clinit>> (0x000000008ddf7268) thrown at [./src/hotspot/share/prims/jni.cpp, line 1365]
Event: 384.538 Thread 0x0000019802c78000 Exception <a 'java/lang/NoSuchMethodError'{0x000000008da23510}: <clinit>> (0x000000008da23510) thrown at [./src/hotspot/share/prims/jni.cpp, line 1365]
Event: 384.615 Thread 0x000001980d9b1800 Exception <a 'java/lang/ClassNotFoundException'{0x000000008dd58888}: sun/awt/resources/spi/awtProvider> (0x000000008dd58888) thrown at [./src/hotspot/share/classfile/systemDictionary.cpp, line 231]
Event: 384.648 Thread 0x000001980d9b1800 Exception <a 'java/io/FileNotFoundException'{0x000000008dc752c0}> (0x000000008dc752c0) thrown at [./src/hotspot/share/prims/jni.cpp, line 615]
Event: 384.650 Thread 0x000001980d9b1800 Exception <a 'java/io/FileNotFoundException'{0x000000008dc795b8}> (0x000000008dc795b8) thrown at [./src/hotspot/share/prims/jni.cpp, line 615]
Event: 386.380 Thread 0x0000019802c78000 Implicit null exception at 0x0000019872d1985f to 0x0000019872d1e788
Event: 386.517 Thread 0x0000019802c78000 Exception <a 'java/lang/NoSuchMethodError'{0x000000008cf473e8}: <clinit>> (0x000000008cf473e8) thrown at [./src/hotspot/share/prims/jni.cpp, line 1365]
Event: 386.537 Thread 0x0000019802c78000 Exception <a 'java/lang/NoSuchMethodError'{0x000000008ced2770}: <clinit>> (0x000000008ced2770) thrown at [./src/hotspot/share/prims/jni.cpp, line 1365]

Events (20 events):
Event: 390.083 loading class org/gradle/internal/work/DefaultAsyncWorkTracker$1
Event: 390.083 loading class org/gradle/internal/work/DefaultAsyncWorkTracker$1 done
Event: 390.083 loading class kotlin/jvm/JvmDefault
Event: 390.083 loading class kotlin/jvm/JvmDefault done
Event: 390.083 loading class kotlin/jvm/JvmDefault
Event: 390.083 loading class kotlin/jvm/JvmDefault done
Event: 390.084 loading class org/gradle/internal/work/DefaultWorkerLeaseService$4
Event: 390.084 loading class org/gradle/internal/work/DefaultWorkerLeaseService$4 done
Event: 390.086 loading class org/gradle/internal/work/DefaultWorkerLeaseService$4$1
Event: 390.086 loading class org/gradle/internal/work/DefaultWorkerLeaseService$4$1 done
Event: 390.097 loading class com/android/build/gradle/tasks/XmlDocumentUtilsKt
Event: 390.097 loading class com/android/build/gradle/tasks/XmlDocumentUtilsKt done
Event: 390.140 Executing VM operation: RevokeBias
Event: 390.141 Executing VM operation: RevokeBias done
Event: 390.171 Executing VM operation: RevokeBias
Event: 390.172 Executing VM operation: RevokeBias done
Event: 390.248 Executing VM operation: RevokeBias
Event: 390.248 Executing VM operation: RevokeBias done
Event: 390.282 Executing VM operation: RevokeBias
Event: 390.283 Executing VM operation: RevokeBias done


Dynamic libraries:
0x00007ff748d60000 - 0x00007ff748d6a000 	C:\Program Files\Android\Android Studio\jre\bin\java.exe
0x00007ff97db90000 - 0x00007ff97dd85000 	C:\windows\SYSTEM32\ntdll.dll
0x00007ff97c140000 - 0x00007ff97c1fe000 	C:\windows\System32\KERNEL32.DLL
0x00007ff97b4d0000 - 0x00007ff97b798000 	C:\windows\System32\KERNELBASE.dll
0x00007ff97b7a0000 - 0x00007ff97b8a0000 	C:\windows\System32\ucrtbase.dll
0x00007ff9729e0000 - 0x00007ff9729f7000 	C:\Program Files\Android\Android Studio\jre\bin\VCRUNTIME140.dll
0x00007ff96a080000 - 0x00007ff96a099000 	C:\Program Files\Android\Android Studio\jre\bin\jli.dll
0x00007ff97c700000 - 0x00007ff97c8a0000 	C:\windows\System32\USER32.dll
0x00007ff96b0e0000 - 0x00007ff96b37a000 	C:\windows\WinSxS\amd64_microsoft.windows.common-controls_6595b64144ccf1df_6.0.19041.1110_none_60b5254171f9507e\COMCTL32.dll
0x00007ff97b2a0000 - 0x00007ff97b2c2000 	C:\windows\System32\win32u.dll
0x00007ff97c6c0000 - 0x00007ff97c6eb000 	C:\windows\System32\GDI32.dll
0x00007ff97b940000 - 0x00007ff97ba4d000 	C:\windows\System32\gdi32full.dll
0x00007ff97b2d0000 - 0x00007ff97b36d000 	C:\windows\System32\msvcp_win.dll
0x00007ff97cb10000 - 0x00007ff97cbae000 	C:\windows\System32\msvcrt.dll
0x00007ff97c330000 - 0x00007ff97c360000 	C:\windows\System32\IMM32.DLL
0x00007ff940870000 - 0x00007ff94090d000 	C:\Program Files\Android\Android Studio\jre\bin\msvcp140.dll
0x00007ff93fab0000 - 0x00007ff940595000 	C:\Program Files\Android\Android Studio\jre\bin\server\jvm.dll
0x00007ff97c000000 - 0x00007ff97c0ae000 	C:\windows\System32\ADVAPI32.dll
0x00007ff97bc00000 - 0x00007ff97bc9c000 	C:\windows\System32\sechost.dll
0x00007ff97c200000 - 0x00007ff97c325000 	C:\windows\System32\RPCRT4.dll
0x00007ff97c360000 - 0x00007ff97c368000 	C:\windows\System32\PSAPI.DLL
0x00007ff968660000 - 0x00007ff968687000 	C:\windows\SYSTEM32\WINMM.dll
0x00007ff971b10000 - 0x00007ff971b1a000 	C:\windows\SYSTEM32\VERSION.dll
0x00007ff968480000 - 0x00007ff968489000 	C:\windows\SYSTEM32\WSOCK32.dll
0x00007ff97c4a0000 - 0x00007ff97c50b000 	C:\windows\System32\WS2_32.dll
0x00007ff979180000 - 0x00007ff979192000 	C:\windows\SYSTEM32\kernel.appcore.dll
0x00007ff9782d0000 - 0x00007ff9782e1000 	C:\Program Files\Android\Android Studio\jre\bin\verify.dll
0x00007ff967d90000 - 0x00007ff967f74000 	C:\windows\SYSTEM32\DBGHELP.DLL
0x00007ff968a80000 - 0x00007ff968aac000 	C:\windows\SYSTEM32\dbgcore.DLL
0x00007ff97baa0000 - 0x00007ff97bb22000 	C:\windows\System32\bcryptPrimitives.dll
0x00007ff971df0000 - 0x00007ff971e19000 	C:\Program Files\Android\Android Studio\jre\bin\java.dll
0x00007ff977700000 - 0x00007ff97770b000 	C:\Program Files\Android\Android Studio\jre\bin\jimage.dll
0x00007ff971eb0000 - 0x00007ff971ec8000 	C:\Program Files\Android\Android Studio\jre\bin\zip.dll
0x00007ff97d3a0000 - 0x00007ff97dae4000 	C:\windows\System32\SHELL32.dll
0x00007ff979380000 - 0x00007ff979b14000 	C:\windows\SYSTEM32\windows.storage.dll
0x00007ff97bca0000 - 0x00007ff97bff5000 	C:\windows\System32\combase.dll
0x00007ff97ac20000 - 0x00007ff97ac4e000 	C:\windows\SYSTEM32\Wldp.dll
0x00007ff97c9e0000 - 0x00007ff97ca8d000 	C:\windows\System32\SHCORE.dll
0x00007ff97c980000 - 0x00007ff97c9d5000 	C:\windows\System32\shlwapi.dll
0x00007ff97b1e0000 - 0x00007ff97b1ff000 	C:\windows\SYSTEM32\profapi.dll
0x00007ff969ae0000 - 0x00007ff969afa000 	C:\Program Files\Android\Android Studio\jre\bin\net.dll
0x00007ff96cc90000 - 0x00007ff96cd9c000 	C:\windows\SYSTEM32\WINHTTP.dll
0x00007ff97a980000 - 0x00007ff97a9ea000 	C:\windows\system32\mswsock.dll
0x00007ff969650000 - 0x00007ff969664000 	C:\Program Files\Android\Android Studio\jre\bin\nio.dll
0x00007ff951e70000 - 0x00007ff951e97000 	C:\Users\Ivan\.gradle\native\e1d6ef7f7dcc3fd88c89a11ec53ec762bb8ba0a96d01ffa2cd45eb1d1d8dd5c5\windows-amd64\native-platform.dll
0x00007ff93f210000 - 0x00007ff93f354000 	C:\Users\Ivan\.gradle\native\5664cfc778a61ccfe75a443a1ab52a65af34e5dc3c78e0209fed803814484fcb\windows-amd64\native-platform-file-events.dll
0x00007ff96a7a0000 - 0x00007ff96a7aa000 	C:\Program Files\Android\Android Studio\jre\bin\management.dll
0x00007ff96a740000 - 0x00007ff96a74d000 	C:\Program Files\Android\Android Studio\jre\bin\management_ext.dll
0x00007ff97ab70000 - 0x00007ff97ab88000 	C:\windows\SYSTEM32\CRYPTSP.dll
0x00007ff97a300000 - 0x00007ff97a334000 	C:\windows\system32\rsaenh.dll
0x00007ff97b910000 - 0x00007ff97b937000 	C:\windows\System32\bcrypt.dll
0x00007ff97b160000 - 0x00007ff97b18e000 	C:\windows\SYSTEM32\USERENV.dll
0x00007ff97ab90000 - 0x00007ff97ab9c000 	C:\windows\SYSTEM32\CRYPTBASE.dll
0x00007ff97a670000 - 0x00007ff97a6ab000 	C:\windows\SYSTEM32\IPHLPAPI.DLL
0x00007ff97d390000 - 0x00007ff97d398000 	C:\windows\System32\NSI.dll
0x00007ff971cb0000 - 0x00007ff971cc7000 	C:\windows\SYSTEM32\dhcpcsvc6.DLL
0x00007ff9728d0000 - 0x00007ff9728ed000 	C:\windows\SYSTEM32\dhcpcsvc.DLL
0x00007ff97a6b0000 - 0x00007ff97a77b000 	C:\windows\SYSTEM32\DNSAPI.dll
0x00007ff972a10000 - 0x00007ff972a37000 	C:\Program Files\Android\Android Studio\jre\bin\sunec.dll
0x00007ff96a970000 - 0x00007ff96a97a000 	C:\Windows\System32\rasadhlp.dll
0x00007ff96b390000 - 0x00007ff96b40f000 	C:\windows\System32\fwpuclnt.dll
0x00007ff940c30000 - 0x00007ff940dd5000 	C:\Program Files\Android\Android Studio\jre\bin\awt.dll
0x00007ff97c3d0000 - 0x00007ff97c49d000 	C:\windows\System32\OLEAUT32.dll
0x00007ff979070000 - 0x00007ff97909f000 	C:\windows\SYSTEM32\dwmapi.dll
0x00007ff977430000 - 0x00007ff9774c0000 	C:\windows\SYSTEM32\apphelp.dll
0x00007ff978cc0000 - 0x00007ff978d5e000 	C:\windows\system32\uxtheme.dll

dbghelp: loaded successfully - version: 4.0.5 - missing functions: none
symbol engine: initialized successfully - sym options: 0x614 - pdb path: .;C:\Program Files\Android\Android Studio\jre\bin;C:\windows\SYSTEM32;C:\windows\WinSxS\amd64_microsoft.windows.common-controls_6595b64144ccf1df_6.0.19041.1110_none_60b5254171f9507e;C:\Program Files\Android\Android Studio\jre\bin\server;C:\Users\Ivan\.gradle\native\e1d6ef7f7dcc3fd88c89a11ec53ec762bb8ba0a96d01ffa2cd45eb1d1d8dd5c5\windows-amd64;C:\Users\Ivan\.gradle\native\5664cfc778a61ccfe75a443a1ab52a65af34e5dc3c78e0209fed803814484fcb\windows-amd64

VM Arguments:
jvm_args: --add-opens=java.base/java.util=ALL-UNNAMED --add-opens=java.base/java.lang=ALL-UNNAMED --add-opens=java.base/java.lang.invoke=ALL-UNNAMED --add-opens=java.base/java.util=ALL-UNNAMED --add-opens=java.prefs/java.util.prefs=ALL-UNNAMED --add-opens=java.prefs/java.util.prefs=ALL-UNNAMED --add-opens=java.base/java.nio.charset=ALL-UNNAMED --add-opens=java.base/java.net=ALL-UNNAMED --add-opens=java.base/java.util.concurrent.atomic=ALL-UNNAMED -Xmx2048m -Dfile.encoding=UTF-8 -Duser.country=RU -Duser.language=ru -Duser.variant 
java_command: org.gradle.launcher.daemon.bootstrap.GradleDaemon 7.3.3
java_class_path (initial): C:\Users\Ivan\.gradle\wrapper\dists\gradle-7.3.3-bin\6a41zxkdtcxs8rphpq6y0069z\gradle-7.3.3\lib\gradle-launcher-7.3.3.jar
Launcher Type: SUN_STANDARD

[Global flags]
     intx CICompilerCount                          = 3                                         {product} {ergonomic}
     uint ConcGCThreads                            = 1                                         {product} {ergonomic}
     uint G1ConcRefinementThreads                  = 4                                         {product} {ergonomic}
   size_t G1HeapRegionSize                         = 1048576                                   {product} {ergonomic}
    uintx GCDrainStackTargetSize                   = 64                                        {product} {ergonomic}
   size_t InitialHeapSize                          = 134217728                                 {product} {ergonomic}
   size_t MarkStackSize                            = 4194304                                   {product} {ergonomic}
   size_t MaxHeapSize                              = 2147483648                                {product} {command line}
   size_t MaxNewSize                               = 1287651328                                {product} {ergonomic}
   size_t MinHeapDeltaBytes                        = 1048576                                   {product} {ergonomic}
    uintx NonNMethodCodeHeapSize                   = 5830732                                {pd product} {ergonomic}
    uintx NonProfiledCodeHeapSize                  = 122913754                              {pd product} {ergonomic}
    uintx ProfiledCodeHeapSize                     = 122913754                              {pd product} {ergonomic}
    uintx ReservedCodeCacheSize                    = 251658240                              {pd product} {ergonomic}
     bool SegmentedCodeCache                       = true                                      {product} {ergonomic}
     bool UseCompressedClassPointers               = true                                 {lp64_product} {ergonomic}
     bool UseCompressedOops                        = true                                 {lp64_product} {ergonomic}
     bool UseG1GC                                  = true                                      {product} {ergonomic}
     bool UseLargePagesIndividualAllocation        = false                                  {pd product} {ergonomic}

Logging:
Log output configuration:
 #0: stdout all=warning uptime,level,tags
 #1: stderr all=off uptime,level,tags

Environment Variables:
PATH=C:\windows\system32;C:\windows;C:\windows\System32\Wbem;C:\windows\System32\WindowsPowerShell\v1.0\;C:\Program Files\Docker\Docker\resources\bin;C:\ProgramData\DockerDesktop\version-bin;C:\Program Files\Microchip\xc8\v2.31\bin;C:\Program Files (x86)\STMicroelectronics\STM32 ST-LINK Utility\ST-LINK Utility;C:\Program Files (x86)\Vector CANdb++ 3.1\Exec32;C:\yagarto-20121222\bin;C:\Users\Ivan\AppData\Local\Programs\Python\Python310\Scripts\;C:\Users\Ivan\AppData\Local\Programs\Python\Python310\;C:\Users\Ivan\AppData\Local\Microsoft\WindowsApps;C:\Users\Ivan\AppData\Local\Programs\Microsoft VS Code\bin;C:\Program Files (x86)\Arduino\hardware\tools\avr\bin;;C:\Program Files\JetBrains\JetBrains Rider 2022.1.1\bin;
USERNAME=Ivan
OS=Windows_NT
PROCESSOR_IDENTIFIER=Intel64 Family 6 Model 61 Stepping 4, GenuineIntel



---------------  S Y S T E M  ---------------

OS: Windows 10 , 64 bit Build 19041 (10.0.19041.1503)
OS uptime: 2 days 9:17 hours

CPU:total 4 (initial active 4) (2 cores per cpu, 2 threads per core) family 6 model 61 stepping 4 microcode 0x2d, cmov, cx8, fxsr, mmx, sse, sse2, sse3, ssse3, sse4.1, sse4.2, popcnt, avx, avx2, aes, clmul, erms, 3dnowpref, lzcnt, ht, tsc, tscinvbit, bmi1, bmi2, adx, fma

Memory: 4k page, system-wide physical 8107M (45M free)
TotalPageFile size 16299M (AvailPageFile size 5M)
current process WorkingSet (physical memory assigned to process): 588M, peak: 588M
current process commit charge ("private bytes"): 694M, peak: 696M

vm_info: OpenJDK 64-Bit Server VM (11.0.12+7-b1504.28-7817840) for windows-amd64 JRE (11.0.12+7-b1504.28-7817840), built on Oct 13 2021 22:12:33 by "builder" with MS VC++ 14.0 (VS2015)

END.
