#
# There is insufficient memory for the Java Runtime Environment to continue.
# Native memory allocation (malloc) failed to allocate 1048576 bytes for AllocateHeap
# Possible reasons:
#   The system is out of physical RAM or swap space
#   The process is running with CompressedOops enabled, and the Java Heap may be blocking the growth of the native heap
# Possible solutions:
#   Reduce memory load on the system
#   Increase physical memory or swap space
#   Check if swap backing store is full
#   Decrease Java heap size (-Xmx/-Xms)
#   Decrease number of Java threads
#   Decrease Java thread stack sizes (-Xss)
#   Set larger code cache with -XX:ReservedCodeCacheSize=
#   JVM is running with Unscaled Compressed Oops mode in which the Java heap is
#     placed in the first 4GB address space. The Java Heap base address is the
#     maximum limit for the native heap growth. Please use -XX:HeapBaseMinAddress
#     to set the Java Heap base and to place the Java Heap above 4GB virtual address.
# This output file may be truncated or incomplete.
#
#  Out of Memory Error (./src/hotspot/share/memory/allocation.cpp:46), pid=8024, tid=7236
#
# JRE version: OpenJDK Runtime Environment (11.0.12+7) (build 11.0.12+7-b1504.28-7817840)
# Java VM: OpenJDK 64-Bit Server VM (11.0.12+7-b1504.28-7817840, mixed mode, tiered, compressed oops, g1 gc, windows-amd64)
# No core dump will be written. Minidumps are not enabled by default on client versions of Windows
#

---------------  S U M M A R Y ------------

Command Line: --add-opens=java.base/java.util=ALL-UNNAMED --add-opens=java.base/java.lang=ALL-UNNAMED --add-opens=java.base/java.lang.invoke=ALL-UNNAMED --add-opens=java.base/java.util=ALL-UNNAMED --add-opens=java.prefs/java.util.prefs=ALL-UNNAMED --add-opens=java.prefs/java.util.prefs=ALL-UNNAMED --add-opens=java.base/java.nio.charset=ALL-UNNAMED --add-opens=java.base/java.net=ALL-UNNAMED --add-opens=java.base/java.util.concurrent.atomic=ALL-UNNAMED -Xmx2048m -Dfile.encoding=UTF-8 -Duser.country=RU -Duser.language=ru -Duser.variant org.gradle.launcher.daemon.bootstrap.GradleDaemon 7.3.3

Host: Intel(R) Core(TM) i3-5005U CPU @ 2.00GHz, 4 cores, 7G,  Windows 10 , 64 bit Build 19041 (10.0.19041.1503)
Time: Tue Jun  7 08:59:22 2022 RTZ 2 (зима) elapsed time: 7.761903 seconds (0d 0h 0m 7s)

---------------  T H R E A D  ---------------

Current thread (0x000001497b5a5800):  VMThread "VM Thread" [stack: 0x0000000316100000,0x0000000316200000] [id=7236]

Stack: [0x0000000316100000,0x0000000316200000]
[error occurred during error reporting (printing stack bounds), id 0xc0000005, EXCEPTION_ACCESS_VIOLATION (0xc0000005) at pc=0x0000014964da112d]

Native frames: (J=compiled Java code, j=interpreted, Vv=VM code, C=native code)
V  [jvm.dll+0x5fbcea]
V  [jvm.dll+0x731905]
V  [jvm.dll+0x732f1d]
V  [jvm.dll+0x733535]
V  [jvm.dll+0x7334eb]
V  [jvm.dll+0x5fb080]
V  [jvm.dll+0x5fb818]
C  [ntdll.dll+0xa20cf]
C  [ntdll.dll+0x51454]
C  [ntdll.dll+0xa0bfe]
C  0x0000014964da112d

VM_Operation (0x00000003174f16c0): CollectForMetadataAllocation, mode: safepoint, requested by thread 0x000001497e015800


---------------  P R O C E S S  ---------------

Threads class SMR info:
_java_thread_list=0x000001497e30f3e0, length=20, elements={
0x000001495fa9b800, 0x000001497b5aa000, 0x000001497b5b9800, 0x000001497b5cd800,
0x000001497b5ce800, 0x000001497b5d0800, 0x000001497b5d4000, 0x000001497b5d9000,
0x000001497b5e5800, 0x000001497c094800, 0x000001497df34800, 0x000001497e317800,
0x000001497e0e2800, 0x000001497e6a4800, 0x000001497e2c6800, 0x000001497ccd3800,
0x000001497e015800, 0x000001497cfa9800, 0x000001497cc6c000, 0x000001497cfd0800
}

Java Threads: ( => current thread )
  0x000001495fa9b800 JavaThread "main" [_thread_blocked, id=10380, stack(0x0000000315b00000,0x0000000315c00000)]
  0x000001497b5aa000 JavaThread "Reference Handler" daemon [_thread_blocked, id=7824, stack(0x0000000316200000,0x0000000316300000)]
  0x000001497b5b9800 JavaThread "Finalizer" daemon [_thread_blocked, id=2572, stack(0x0000000316300000,0x0000000316400000)]
  0x000001497b5cd800 JavaThread "Signal Dispatcher" daemon [_thread_blocked, id=12256, stack(0x0000000316400000,0x0000000316500000)]
  0x000001497b5ce800 JavaThread "Attach Listener" daemon [_thread_blocked, id=9596, stack(0x0000000316500000,0x0000000316600000)]
  0x000001497b5d0800 JavaThread "Service Thread" daemon [_thread_blocked, id=13272, stack(0x0000000316600000,0x0000000316700000)]
  0x000001497b5d4000 JavaThread "C2 CompilerThread0" daemon [_thread_blocked, id=5660, stack(0x0000000316700000,0x0000000316800000)]
  0x000001497b5d9000 JavaThread "C1 CompilerThread0" daemon [_thread_blocked, id=216, stack(0x0000000316800000,0x0000000316900000)]
  0x000001497b5e5800 JavaThread "Sweeper thread" daemon [_thread_blocked, id=8336, stack(0x0000000316900000,0x0000000316a00000)]
  0x000001497c094800 JavaThread "Common-Cleaner" daemon [_thread_blocked, id=7984, stack(0x0000000316a00000,0x0000000316b00000)]
  0x000001497df34800 JavaThread "Daemon health stats" [_thread_blocked, id=12272, stack(0x0000000316e00000,0x0000000316f00000)]
  0x000001497e317800 JavaThread "Incoming local TCP Connector on port 60277" [_thread_in_native, id=8792, stack(0x0000000316f00000,0x0000000317000000)]
  0x000001497e0e2800 JavaThread "Daemon periodic checks" [_thread_blocked, id=11156, stack(0x0000000317000000,0x0000000317100000)]
  0x000001497e6a4800 JavaThread "Daemon" [_thread_blocked, id=9568, stack(0x0000000317100000,0x0000000317200000)]
  0x000001497e2c6800 JavaThread "Handler for socket connection from /127.0.0.1:60277 to /127.0.0.1:60278" [_thread_in_native, id=2044, stack(0x0000000317200000,0x0000000317300000)]
  0x000001497ccd3800 JavaThread "Cancel handler" [_thread_blocked, id=9036, stack(0x0000000317300000,0x0000000317400000)]
  0x000001497e015800 JavaThread "Daemon worker" [_thread_blocked, id=11484, stack(0x0000000317400000,0x0000000317500000)]
  0x000001497cfa9800 JavaThread "Asynchronous log dispatcher for DefaultDaemonConnection: socket connection from /127.0.0.1:60277 to /127.0.0.1:60278" [_thread_blocked, id=12972, stack(0x0000000317500000,0x0000000317600000)]
  0x000001497cc6c000 JavaThread "Stdin handler" [_thread_blocked, id=10616, stack(0x0000000317600000,0x0000000317700000)]
  0x000001497cfd0800 JavaThread "Daemon client event forwarder" [_thread_blocked, id=9960, stack(0x0000000317700000,0x0000000317800000)]

Other Threads:
=>0x000001497b5a5800 VMThread "VM Thread" [stack: 0x0000000316100000,0x0000000316200000] [id=7236]
  0x000001497c09c000 WatcherThread [stack: 0x0000000316b00000,0x0000000316c00000] [id=9320]
  0x000001495fab4800 GCTaskThread "GC Thread#0" [stack: 0x0000000315c00000,0x0000000315d00000] [id=11288]
  0x000001497c27b800 GCTaskThread "GC Thread#1" [stack: 0x0000000316c00000,0x0000000316d00000] [id=12284]
  0x000001497c308800 GCTaskThread "GC Thread#2" [stack: 0x0000000316d00000,0x0000000316e00000] [id=12428]
  0x000001497c466000 GCTaskThread "GC Thread#3" [stack: 0x0000000317800000,0x0000000317900000] [id=10360]
  0x000001495fae6000 ConcurrentGCThread "G1 Main Marker" [stack: 0x0000000315d00000,0x0000000315e00000] [id=12068]
  0x000001495fae7000 ConcurrentGCThread "G1 Conc#0" [stack: 0x0000000315e00000,0x0000000315f00000] [id=10260]
  0x000001495fb72800 ConcurrentGCThread "G1 Refine#0" [stack: 0x0000000315f00000,0x0000000316000000] [id=732]
  0x000001495fb73800 ConcurrentGCThread "G1 Young RemSet Sampling" [stack: 0x0000000316000000,0x0000000316100000] [id=10136]

Threads with active compile tasks:

VM state:at safepoint (normal execution)

VM Mutex/Monitor currently owned by a thread:  ([mutex/lock_event])
[0x000001495fa97670] Threads_lock - owner thread: 0x000001497b5a5800
[0x000001495fa97b80] Heap_lock - owner thread: 0x000001497e015800

Heap address: 0x0000000080000000, size: 2048 MB, Compressed Oops mode: 32-bit
Narrow klass base: 0x0000000000000000, Narrow klass shift: 3
Compressed class space size: 1073741824 Address: 0x0000000100000000

Heap:
 garbage-first heap   total 131072K, used 16961K [0x0000000080000000, 0x0000000100000000)
  region size 1024K, 5 young (5120K), 5 survivors (5120K)
 Metaspace       used 18270K, capacity 18665K, committed 18816K, reserved 1073152K
  class space    used 2180K, capacity 2310K, committed 2432K, reserved 1048576K
Heap Regions: E=young(eden), S=young(survivor), O=old, HS=humongous(starts), HC=humongous(continues), CS=collection set, F=free, A=archive, TAMS=top-at-mark-start (previous, next)
|   0|0x0000000080000000, 0x0000000080100000, 0x0000000080100000|100%| O|  |TAMS 0x0000000080100000, 0x0000000080100000| Untracked 
|   1|0x0000000080100000, 0x0000000080200000, 0x0000000080200000|100%| O|  |TAMS 0x0000000080200000, 0x0000000080200000| Untracked 
|   2|0x0000000080200000, 0x0000000080300000, 0x0000000080300000|100%| O|  |TAMS 0x0000000080200000, 0x0000000080300000| Untracked 
|   3|0x0000000080300000, 0x0000000080400000, 0x0000000080400000|100%|HS|  |TAMS 0x0000000080400000, 0x0000000080400000| Complete 
|   4|0x0000000080400000, 0x0000000080500000, 0x0000000080500000|100%|HC|  |TAMS 0x0000000080500000, 0x0000000080500000| Complete 
|   5|0x0000000080500000, 0x0000000080600000, 0x0000000080600000|100%|HC|  |TAMS 0x0000000080600000, 0x0000000080600000| Complete 
|   6|0x0000000080600000, 0x0000000080700000, 0x0000000080700000|100%| O|  |TAMS 0x0000000080700000, 0x0000000080700000| Untracked 
|   7|0x0000000080700000, 0x0000000080800000, 0x0000000080800000|100%| O|  |TAMS 0x0000000080800000, 0x0000000080800000| Untracked 
|   8|0x0000000080800000, 0x0000000080900000, 0x0000000080900000|100%| O|  |TAMS 0x0000000080900000, 0x0000000080900000| Untracked 
|   9|0x0000000080900000, 0x0000000080a00000, 0x0000000080a00000|100%| O|  |TAMS 0x0000000080a00000, 0x0000000080a00000| Untracked 
|  10|0x0000000080a00000, 0x0000000080b00000, 0x0000000080b00000|100%| O|  |TAMS 0x0000000080aa8c00, 0x0000000080b00000| Untracked 
|  11|0x0000000080b00000, 0x0000000080c00000, 0x0000000080c00000|100%| O|  |TAMS 0x0000000080b00000, 0x0000000080c00000| Untracked 
|  12|0x0000000080c00000, 0x0000000080c0d200, 0x0000000080d00000|  5%| O|  |TAMS 0x0000000080c00000, 0x0000000080c0d200| Untracked 
|  13|0x0000000080d00000, 0x0000000080d00000, 0x0000000080e00000|  0%| F|  |TAMS 0x0000000080d00000, 0x0000000080d00000| Untracked 
|  14|0x0000000080e00000, 0x0000000080e00000, 0x0000000080f00000|  0%| F|  |TAMS 0x0000000080e00000, 0x0000000080e00000| Untracked 
|  15|0x0000000080f00000, 0x0000000080f00000, 0x0000000081000000|  0%| F|  |TAMS 0x0000000080f00000, 0x0000000080f00000| Untracked 
|  16|0x0000000081000000, 0x0000000081000000, 0x0000000081100000|  0%| F|  |TAMS 0x0000000081000000, 0x0000000081000000| Untracked 
|  17|0x0000000081100000, 0x0000000081100000, 0x0000000081200000|  0%| F|  |TAMS 0x0000000081100000, 0x0000000081100000| Untracked 
|  18|0x0000000081200000, 0x0000000081200000, 0x0000000081300000|  0%| F|  |TAMS 0x0000000081200000, 0x0000000081200000| Untracked 
|  19|0x0000000081300000, 0x0000000081300000, 0x0000000081400000|  0%| F|  |TAMS 0x0000000081300000, 0x0000000081300000| Untracked 
|  20|0x0000000081400000, 0x0000000081400000, 0x0000000081500000|  0%| F|  |TAMS 0x0000000081400000, 0x0000000081400000| Untracked 
|  21|0x0000000081500000, 0x0000000081500000, 0x0000000081600000|  0%| F|  |TAMS 0x0000000081500000, 0x0000000081500000| Untracked 
|  22|0x0000000081600000, 0x0000000081600000, 0x0000000081700000|  0%| F|  |TAMS 0x0000000081600000, 0x0000000081600000| Untracked 
|  23|0x0000000081700000, 0x0000000081700000, 0x0000000081800000|  0%| F|  |TAMS 0x0000000081700000, 0x0000000081700000| Untracked 
|  24|0x0000000081800000, 0x0000000081800000, 0x0000000081900000|  0%| F|  |TAMS 0x0000000081800000, 0x0000000081800000| Untracked 
|  25|0x0000000081900000, 0x0000000081900000, 0x0000000081a00000|  0%| F|  |TAMS 0x0000000081900000, 0x0000000081900000| Untracked 
|  26|0x0000000081a00000, 0x0000000081a00000, 0x0000000081b00000|  0%| F|  |TAMS 0x0000000081a00000, 0x0000000081a00000| Untracked 
|  27|0x0000000081b00000, 0x0000000081b00000, 0x0000000081c00000|  0%| F|  |TAMS 0x0000000081b00000, 0x0000000081b00000| Untracked 
|  28|0x0000000081c00000, 0x0000000081c00000, 0x0000000081d00000|  0%| F|  |TAMS 0x0000000081c00000, 0x0000000081c00000| Untracked 
|  29|0x0000000081d00000, 0x0000000081d00000, 0x0000000081e00000|  0%| F|  |TAMS 0x0000000081d00000, 0x0000000081d00000| Untracked 
|  30|0x0000000081e00000, 0x0000000081e00000, 0x0000000081f00000|  0%| F|  |TAMS 0x0000000081e00000, 0x0000000081e00000| Untracked 
|  31|0x0000000081f00000, 0x0000000081f00000, 0x0000000082000000|  0%| F|  |TAMS 0x0000000081f00000, 0x0000000081f00000| Untracked 
|  32|0x0000000082000000, 0x0000000082000000, 0x0000000082100000|  0%| F|  |TAMS 0x0000000082000000, 0x0000000082000000| Untracked 
|  33|0x0000000082100000, 0x0000000082100000, 0x0000000082200000|  0%| F|  |TAMS 0x0000000082100000, 0x0000000082100000| Untracked 
|  34|0x0000000082200000, 0x0000000082200000, 0x0000000082300000|  0%| F|  |TAMS 0x0000000082200000, 0x0000000082200000| Untracked 
|  35|0x0000000082300000, 0x0000000082300000, 0x0000000082400000|  0%| F|  |TAMS 0x0000000082300000, 0x0000000082300000| Untracked 
|  36|0x0000000082400000, 0x0000000082400000, 0x0000000082500000|  0%| F|  |TAMS 0x0000000082400000, 0x0000000082400000| Untracked 
|  37|0x0000000082500000, 0x0000000082500000, 0x0000000082600000|  0%| F|  |TAMS 0x0000000082500000, 0x0000000082500000| Untracked 
|  38|0x0000000082600000, 0x0000000082600000, 0x0000000082700000|  0%| F|  |TAMS 0x0000000082600000, 0x0000000082600000| Untracked 
|  39|0x0000000082700000, 0x0000000082700000, 0x0000000082800000|  0%| F|  |TAMS 0x0000000082700000, 0x0000000082700000| Untracked 
|  40|0x0000000082800000, 0x0000000082800000, 0x0000000082900000|  0%| F|  |TAMS 0x0000000082800000, 0x0000000082800000| Untracked 
|  41|0x0000000082900000, 0x0000000082900000, 0x0000000082a00000|  0%| F|  |TAMS 0x0000000082900000, 0x0000000082900000| Untracked 
|  42|0x0000000082a00000, 0x0000000082a00000, 0x0000000082b00000|  0%| F|  |TAMS 0x0000000082a00000, 0x0000000082a00000| Untracked 
|  43|0x0000000082b00000, 0x0000000082b00000, 0x0000000082c00000|  0%| F|  |TAMS 0x0000000082b00000, 0x0000000082b00000| Untracked 
|  44|0x0000000082c00000, 0x0000000082c00000, 0x0000000082d00000|  0%| F|  |TAMS 0x0000000082c00000, 0x0000000082c00000| Untracked 
|  45|0x0000000082d00000, 0x0000000082d00000, 0x0000000082e00000|  0%| F|  |TAMS 0x0000000082d00000, 0x0000000082d00000| Untracked 
|  46|0x0000000082e00000, 0x0000000082e00000, 0x0000000082f00000|  0%| F|  |TAMS 0x0000000082e00000, 0x0000000082e00000| Untracked 
|  47|0x0000000082f00000, 0x0000000082f00000, 0x0000000083000000|  0%| F|  |TAMS 0x0000000082f00000, 0x0000000082f00000| Untracked 
|  48|0x0000000083000000, 0x0000000083000000, 0x0000000083100000|  0%| F|  |TAMS 0x0000000083000000, 0x0000000083000000| Untracked 
|  49|0x0000000083100000, 0x0000000083100000, 0x0000000083200000|  0%| F|  |TAMS 0x0000000083100000, 0x0000000083100000| Untracked 
|  50|0x0000000083200000, 0x0000000083200000, 0x0000000083300000|  0%| F|  |TAMS 0x0000000083200000, 0x0000000083200000| Untracked 
|  51|0x0000000083300000, 0x0000000083300000, 0x0000000083400000|  0%| F|  |TAMS 0x0000000083300000, 0x0000000083300000| Untracked 
|  52|0x0000000083400000, 0x0000000083400000, 0x0000000083500000|  0%| F|  |TAMS 0x0000000083400000, 0x0000000083400000| Untracked 
|  53|0x0000000083500000, 0x0000000083500000, 0x0000000083600000|  0%| F|  |TAMS 0x0000000083500000, 0x0000000083500000| Untracked 
|  54|0x0000000083600000, 0x0000000083600000, 0x0000000083700000|  0%| F|  |TAMS 0x0000000083600000, 0x0000000083600000| Untracked 
|  55|0x0000000083700000, 0x0000000083700000, 0x0000000083800000|  0%| F|  |TAMS 0x0000000083700000, 0x0000000083700000| Untracked 
|  56|0x0000000083800000, 0x0000000083800000, 0x0000000083900000|  0%| F|  |TAMS 0x0000000083800000, 0x0000000083800000| Untracked 
|  57|0x0000000083900000, 0x0000000083900000, 0x0000000083a00000|  0%| F|  |TAMS 0x0000000083900000, 0x0000000083900000| Untracked 
|  58|0x0000000083a00000, 0x0000000083a00000, 0x0000000083b00000|  0%| F|  |TAMS 0x0000000083a00000, 0x0000000083a00000| Untracked 
|  59|0x0000000083b00000, 0x0000000083b00000, 0x0000000083c00000|  0%| F|  |TAMS 0x0000000083b00000, 0x0000000083b00000| Untracked 
|  60|0x0000000083c00000, 0x0000000083c00000, 0x0000000083d00000|  0%| F|  |TAMS 0x0000000083c00000, 0x0000000083c00000| Untracked 
|  61|0x0000000083d00000, 0x0000000083d00000, 0x0000000083e00000|  0%| F|  |TAMS 0x0000000083d00000, 0x0000000083d00000| Untracked 
|  62|0x0000000083e00000, 0x0000000083e00000, 0x0000000083f00000|  0%| F|  |TAMS 0x0000000083e00000, 0x0000000083e00000| Untracked 
|  63|0x0000000083f00000, 0x0000000083f00000, 0x0000000084000000|  0%| F|  |TAMS 0x0000000083f00000, 0x0000000083f00000| Untracked 
|  64|0x0000000084000000, 0x0000000084000000, 0x0000000084100000|  0%| F|  |TAMS 0x0000000084000000, 0x0000000084000000| Untracked 
|  65|0x0000000084100000, 0x0000000084100000, 0x0000000084200000|  0%| F|  |TAMS 0x0000000084100000, 0x0000000084100000| Untracked 
|  66|0x0000000084200000, 0x0000000084200000, 0x0000000084300000|  0%| F|  |TAMS 0x0000000084200000, 0x0000000084200000| Untracked 
|  67|0x0000000084300000, 0x0000000084300000, 0x0000000084400000|  0%| F|  |TAMS 0x0000000084300000, 0x0000000084300000| Untracked 
|  68|0x0000000084400000, 0x0000000084400000, 0x0000000084500000|  0%| F|  |TAMS 0x0000000084400000, 0x0000000084400000| Untracked 
|  69|0x0000000084500000, 0x0000000084500000, 0x0000000084600000|  0%| F|  |TAMS 0x0000000084500000, 0x0000000084500000| Untracked 
|  70|0x0000000084600000, 0x0000000084600000, 0x0000000084700000|  0%| F|  |TAMS 0x0000000084600000, 0x0000000084600000| Untracked 
|  71|0x0000000084700000, 0x0000000084700000, 0x0000000084800000|  0%| F|  |TAMS 0x0000000084700000, 0x0000000084700000| Untracked 
|  72|0x0000000084800000, 0x0000000084800000, 0x0000000084900000|  0%| F|  |TAMS 0x0000000084800000, 0x0000000084800000| Untracked 
|  73|0x0000000084900000, 0x0000000084900000, 0x0000000084a00000|  0%| F|  |TAMS 0x0000000084900000, 0x0000000084900000| Untracked 
|  74|0x0000000084a00000, 0x0000000084a00000, 0x0000000084b00000|  0%| F|  |TAMS 0x0000000084a00000, 0x0000000084a00000| Untracked 
|  75|0x0000000084b00000, 0x0000000084b00000, 0x0000000084c00000|  0%| F|  |TAMS 0x0000000084b00000, 0x0000000084b00000| Untracked 
|  76|0x0000000084c00000, 0x0000000084c00000, 0x0000000084d00000|  0%| F|  |TAMS 0x0000000084c00000, 0x0000000084c00000| Untracked 
|  77|0x0000000084d00000, 0x0000000084d00000, 0x0000000084e00000|  0%| F|  |TAMS 0x0000000084d00000, 0x0000000084d00000| Untracked 
|  78|0x0000000084e00000, 0x0000000084e00000, 0x0000000084f00000|  0%| F|  |TAMS 0x0000000084e00000, 0x0000000084e00000| Untracked 
|  79|0x0000000084f00000, 0x0000000084f00000, 0x0000000085000000|  0%| F|  |TAMS 0x0000000084f00000, 0x0000000084f00000| Untracked 
|  80|0x0000000085000000, 0x0000000085000000, 0x0000000085100000|  0%| F|  |TAMS 0x0000000085000000, 0x0000000085000000| Untracked 
|  81|0x0000000085100000, 0x0000000085100000, 0x0000000085200000|  0%| F|  |TAMS 0x0000000085100000, 0x0000000085100000| Untracked 
|  82|0x0000000085200000, 0x0000000085200000, 0x0000000085300000|  0%| F|  |TAMS 0x0000000085200000, 0x0000000085200000| Untracked 
|  83|0x0000000085300000, 0x0000000085300000, 0x0000000085400000|  0%| F|  |TAMS 0x0000000085300000, 0x0000000085300000| Untracked 
|  84|0x0000000085400000, 0x0000000085400000, 0x0000000085500000|  0%| F|  |TAMS 0x0000000085400000, 0x0000000085400000| Untracked 
|  85|0x0000000085500000, 0x0000000085500000, 0x0000000085600000|  0%| F|  |TAMS 0x0000000085500000, 0x0000000085500000| Untracked 
|  86|0x0000000085600000, 0x0000000085600000, 0x0000000085700000|  0%| F|  |TAMS 0x0000000085600000, 0x0000000085600000| Untracked 
|  87|0x0000000085700000, 0x0000000085700000, 0x0000000085800000|  0%| F|  |TAMS 0x0000000085700000, 0x0000000085700000| Untracked 
|  88|0x0000000085800000, 0x0000000085800000, 0x0000000085900000|  0%| F|  |TAMS 0x0000000085800000, 0x0000000085800000| Untracked 
|  89|0x0000000085900000, 0x0000000085900000, 0x0000000085a00000|  0%| F|  |TAMS 0x0000000085900000, 0x0000000085900000| Untracked 
|  90|0x0000000085a00000, 0x0000000085a00000, 0x0000000085b00000|  0%| F|  |TAMS 0x0000000085a00000, 0x0000000085a00000| Untracked 
|  91|0x0000000085b00000, 0x0000000085b00000, 0x0000000085c00000|  0%| F|  |TAMS 0x0000000085b00000, 0x0000000085b00000| Untracked 
|  92|0x0000000085c00000, 0x0000000085c00000, 0x0000000085d00000|  0%| F|  |TAMS 0x0000000085c00000, 0x0000000085c00000| Untracked 
|  93|0x0000000085d00000, 0x0000000085d00000, 0x0000000085e00000|  0%| F|  |TAMS 0x0000000085d00000, 0x0000000085d00000| Untracked 
|  94|0x0000000085e00000, 0x0000000085e00000, 0x0000000085f00000|  0%| F|  |TAMS 0x0000000085e00000, 0x0000000085e00000| Untracked 
|  95|0x0000000085f00000, 0x0000000085f00000, 0x0000000086000000|  0%| F|  |TAMS 0x0000000085f00000, 0x0000000085f00000| Untracked 
|  96|0x0000000086000000, 0x0000000086000000, 0x0000000086100000|  0%| F|  |TAMS 0x0000000086000000, 0x0000000086000000| Untracked 
|  97|0x0000000086100000, 0x0000000086100000, 0x0000000086200000|  0%| F|  |TAMS 0x0000000086100000, 0x0000000086100000| Untracked 
|  98|0x0000000086200000, 0x0000000086200000, 0x0000000086300000|  0%| F|  |TAMS 0x0000000086200000, 0x0000000086200000| Untracked 
|  99|0x0000000086300000, 0x0000000086300000, 0x0000000086400000|  0%| F|  |TAMS 0x0000000086300000, 0x0000000086300000| Untracked 
| 100|0x0000000086400000, 0x0000000086400000, 0x0000000086500000|  0%| F|  |TAMS 0x0000000086400000, 0x0000000086400000| Untracked 
| 101|0x0000000086500000, 0x0000000086500000, 0x0000000086600000|  0%| F|  |TAMS 0x0000000086500000, 0x0000000086500000| Untracked 
| 102|0x0000000086600000, 0x0000000086600000, 0x0000000086700000|  0%| F|  |TAMS 0x0000000086600000, 0x0000000086600000| Untracked 
| 103|0x0000000086700000, 0x0000000086700000, 0x0000000086800000|  0%| F|  |TAMS 0x0000000086700000, 0x0000000086700000| Untracked 
| 104|0x0000000086800000, 0x0000000086800000, 0x0000000086900000|  0%| F|  |TAMS 0x0000000086800000, 0x0000000086800000| Untracked 
| 105|0x0000000086900000, 0x0000000086900000, 0x0000000086a00000|  0%| F|  |TAMS 0x0000000086900000, 0x0000000086900000| Untracked 
| 106|0x0000000086a00000, 0x0000000086a00000, 0x0000000086b00000|  0%| F|  |TAMS 0x0000000086a00000, 0x0000000086a00000| Untracked 
| 107|0x0000000086b00000, 0x0000000086b00000, 0x0000000086c00000|  0%| F|  |TAMS 0x0000000086b00000, 0x0000000086b00000| Untracked 
| 108|0x0000000086c00000, 0x0000000086c00000, 0x0000000086d00000|  0%| F|  |TAMS 0x0000000086c00000, 0x0000000086c00000| Untracked 
| 109|0x0000000086d00000, 0x0000000086d00000, 0x0000000086e00000|  0%| F|  |TAMS 0x0000000086d00000, 0x0000000086d00000| Untracked 
| 110|0x0000000086e00000, 0x0000000086e00000, 0x0000000086f00000|  0%| F|  |TAMS 0x0000000086e00000, 0x0000000086e00000| Untracked 
| 111|0x0000000086f00000, 0x0000000086f00000, 0x0000000087000000|  0%| F|  |TAMS 0x0000000086f00000, 0x0000000086f00000| Untracked 
| 112|0x0000000087000000, 0x0000000087000000, 0x0000000087100000|  0%| F|  |TAMS 0x0000000087000000, 0x0000000087000000| Untracked 
| 113|0x0000000087100000, 0x00000000871834d0, 0x0000000087200000| 51%| S|CS|TAMS 0x0000000087100000, 0x0000000087100000| Complete 
| 114|0x0000000087200000, 0x0000000087300000, 0x0000000087300000|100%| S|CS|TAMS 0x0000000087200000, 0x0000000087200000| Complete 
| 115|0x0000000087300000, 0x0000000087400000, 0x0000000087400000|100%| S|CS|TAMS 0x0000000087300000, 0x0000000087300000| Complete 
| 116|0x0000000087400000, 0x0000000087500000, 0x0000000087500000|100%| S|CS|TAMS 0x0000000087400000, 0x0000000087400000| Complete 
| 117|0x0000000087500000, 0x0000000087600000, 0x0000000087600000|100%| S|CS|TAMS 0x0000000087500000, 0x0000000087500000| Complete 
| 118|0x0000000087600000, 0x0000000087600000, 0x0000000087700000|  0%| F|  |TAMS 0x0000000087600000, 0x0000000087600000| Untracked 
| 119|0x0000000087700000, 0x0000000087700000, 0x0000000087800000|  0%| F|  |TAMS 0x0000000087700000, 0x0000000087700000| Untracked 
| 120|0x0000000087800000, 0x0000000087800000, 0x0000000087900000|  0%| F|  |TAMS 0x0000000087800000, 0x0000000087800000| Untracked 
| 121|0x0000000087900000, 0x0000000087900000, 0x0000000087a00000|  0%| F|  |TAMS 0x0000000087900000, 0x0000000087900000| Untracked 
| 122|0x0000000087a00000, 0x0000000087a00000, 0x0000000087b00000|  0%| F|  |TAMS 0x0000000087a00000, 0x0000000087a00000| Untracked 
| 123|0x0000000087b00000, 0x0000000087b00000, 0x0000000087c00000|  0%| F|  |TAMS 0x0000000087b00000, 0x0000000087b00000| Untracked 
| 124|0x0000000087c00000, 0x0000000087c00000, 0x0000000087d00000|  0%| F|  |TAMS 0x0000000087c00000, 0x0000000087c00000| Untracked 
| 125|0x0000000087d00000, 0x0000000087d00000, 0x0000000087e00000|  0%| F|  |TAMS 0x0000000087d00000, 0x0000000087d00000| Untracked 
| 126|0x0000000087e00000, 0x0000000087e00000, 0x0000000087f00000|  0%| F|  |TAMS 0x0000000087e00000, 0x0000000087e00000| Untracked 
| 127|0x0000000087f00000, 0x0000000087f00000, 0x0000000088000000|  0%| F|  |TAMS 0x0000000087f00000, 0x0000000087f00000| Untracked 

Card table byte_map: [0x00000149747c0000,0x0000014974bc0000] _byte_map_base: 0x00000149743c0000

Marking Bits (Prev, Next): (CMBitMap*) 0x000001495fadd420, (CMBitMap*) 0x000001495fadd3e8
 Prev Bits: [0x0000014976fc0000, 0x0000014978fc0000)
 Next Bits: [0x0000014974fc0000, 0x0000014976fc0000)

Polling page: 0x000001495f900000

Metaspace:

Usage:
  Non-class:     15.97 MB capacity,    15.71 MB ( 98%) used,   234.88 KB (  1%) free+waste,    30.13 KB ( <1%) overhead. 
      Class:      2.26 MB capacity,     2.13 MB ( 94%) used,   114.41 KB (  5%) free+waste,    14.69 KB ( <1%) overhead. 
       Both:     18.23 MB capacity,    17.84 MB ( 98%) used,   349.29 KB (  2%) free+waste,    44.81 KB ( <1%) overhead. 

Virtual space:
  Non-class space:       24.00 MB reserved,      16.00 MB ( 67%) committed 
      Class space:        1.00 GB reserved,       2.38 MB ( <1%) committed 
             Both:        1.02 GB reserved,      18.38 MB (  2%) committed 

Chunk freelists:
   Non-Class:  29.00 KB
       Class:  26.00 KB
        Both:  55.00 KB

MaxMetaspaceSize: 17179869184.00 GB
CompressedClassSpaceSize: 1.00 GB
Initial GC threshold: 20.80 MB
Current GC threshold: 29.91 MB
CDS: off

CodeHeap 'non-profiled nmethods': size=120064Kb used=865Kb max_used=865Kb free=119198Kb
 bounds [0x000001496c860000, 0x000001496cad0000, 0x0000014973da0000]
CodeHeap 'profiled nmethods': size=120000Kb used=3879Kb max_used=3879Kb free=116121Kb
 bounds [0x0000014965330000, 0x0000014965700000, 0x000001496c860000]
CodeHeap 'non-nmethods': size=5696Kb used=1196Kb max_used=1212Kb free=4499Kb
 bounds [0x0000014964da0000, 0x0000014965010000, 0x0000014965330000]
 total_blobs=2337 nmethods=1874 adapters=376
 compilation: enabled
              stopped_count=0, restarted_count=0
 full_count=0

Compilation events (20 events):
Event: 7.676 Thread 0x000001497b5d9000 nmethod 1869 0x00000149656f7c10 code [0x00000149656f7dc0, 0x00000149656f7f48]
Event: 7.676 Thread 0x000001497b5d9000 1871       1       org.gradle.internal.service.DefaultServiceRegistry::access$1700 (5 bytes)
Event: 7.676 Thread 0x000001497b5d9000 nmethod 1871 0x000001496c937210 code [0x000001496c9373c0, 0x000001496c937458]
Event: 7.676 Thread 0x000001497b5d9000 1872       3       java.util.ArrayList::isEmpty (13 bytes)
Event: 7.676 Thread 0x000001497b5d9000 nmethod 1872 0x00000149656f8010 code [0x00000149656f81c0, 0x00000149656f8318]
Event: 7.676 Thread 0x000001497b5d9000 1873       3       org.gradle.internal.service.DefaultServiceRegistry$CompositeServiceProvider::getService (49 bytes)
Event: 7.677 Thread 0x000001497b5d9000 nmethod 1873 0x00000149656f8390 code [0x00000149656f8560, 0x00000149656f8868]
Event: 7.677 Thread 0x000001497b5d9000 1870       1       org.gradle.internal.service.AbstractServiceMethod::getParameterTypes (5 bytes)
Event: 7.677 Thread 0x000001497b5d9000 nmethod 1870 0x000001496c937510 code [0x000001496c9376c0, 0x000001496c937778]
Event: 7.684 Thread 0x000001497b5d4000 nmethod 1866 0x000001496c937810 code [0x000001496c937a00, 0x000001496c937ee0]
Event: 7.688 Thread 0x000001497b5d9000 1874       3       java.lang.Thread::interrupted (8 bytes)
Event: 7.688 Thread 0x000001497b5d9000 nmethod 1874 0x00000149656f8990 code [0x00000149656f8b40, 0x00000149656f8c68]
Event: 7.692 Thread 0x000001497b5d9000 1875       3       java.lang.invoke.DirectMethodHandle$Holder::invokeStatic (15 bytes)
Event: 7.693 Thread 0x000001497b5d9000 nmethod 1875 0x00000149656f8d10 code [0x00000149656f8ee0, 0x00000149656f9378]
Event: 7.739 Thread 0x000001497b5d9000 1876       3       com.google.common.collect.Hashing::smear (19 bytes)
Event: 7.739 Thread 0x000001497b5d9000 nmethod 1876 0x00000149656f9490 code [0x00000149656f9640, 0x00000149656f97b8]
Event: 7.739 Thread 0x000001497b5d9000 1877       3       java.lang.Integer::rotateLeft (9 bytes)
Event: 7.739 Thread 0x000001497b5d9000 nmethod 1877 0x00000149656f9890 code [0x00000149656f9a40, 0x00000149656f9b38]
Event: 7.739 Thread 0x000001497b5d9000 1878       1       org.gradle.internal.service.DefaultServiceRegistry$SingletonService::getServiceType (5 bytes)
Event: 7.739 Thread 0x000001497b5d9000 nmethod 1878 0x000001496c938390 code [0x000001496c938540, 0x000001496c9385f8]

GC Heap History (10 events):
Event: 1.110 GC heap before
{Heap before GC invocations=0 (full 0):
 garbage-first heap   total 131072K, used 20480K [0x0000000080000000, 0x0000000100000000)
  region size 1024K, 14 young (14336K), 0 survivors (0K)
 Metaspace       used 6755K, capacity 6937K, committed 7168K, reserved 1056768K
  class space    used 584K, capacity 650K, committed 768K, reserved 1048576K
}
Event: 1.118 GC heap after
{Heap after GC invocations=1 (full 0):
 garbage-first heap   total 131072K, used 7643K [0x0000000080000000, 0x0000000100000000)
  region size 1024K, 2 young (2048K), 2 survivors (2048K)
 Metaspace       used 6755K, capacity 6937K, committed 7168K, reserved 1056768K
  class space    used 584K, capacity 650K, committed 768K, reserved 1048576K
}
Event: 1.799 GC heap before
{Heap before GC invocations=1 (full 0):
 garbage-first heap   total 131072K, used 19931K [0x0000000080000000, 0x0000000100000000)
  region size 1024K, 14 young (14336K), 2 survivors (2048K)
 Metaspace       used 10272K, capacity 10565K, committed 10624K, reserved 1058816K
  class space    used 1072K, capacity 1139K, committed 1152K, reserved 1048576K
}
Event: 1.806 GC heap after
{Heap after GC invocations=2 (full 0):
 garbage-first heap   total 131072K, used 9503K [0x0000000080000000, 0x0000000100000000)
  region size 1024K, 2 young (2048K), 2 survivors (2048K)
 Metaspace       used 10272K, capacity 10565K, committed 10624K, reserved 1058816K
  class space    used 1072K, capacity 1139K, committed 1152K, reserved 1048576K
}
Event: 3.172 GC heap before
{Heap before GC invocations=2 (full 0):
 garbage-first heap   total 131072K, used 38175K [0x0000000080000000, 0x0000000100000000)
  region size 1024K, 29 young (29696K), 2 survivors (2048K)
 Metaspace       used 11249K, capacity 11520K, committed 11776K, reserved 1060864K
  class space    used 1175K, capacity 1244K, committed 1280K, reserved 1048576K
}
Event: 3.178 GC heap after
{Heap after GC invocations=3 (full 0):
 garbage-first heap   total 131072K, used 13150K [0x0000000080000000, 0x0000000100000000)
  region size 1024K, 4 young (4096K), 4 survivors (4096K)
 Metaspace       used 11249K, capacity 11520K, committed 11776K, reserved 1060864K
  class space    used 1175K, capacity 1244K, committed 1280K, reserved 1048576K
}
Event: 7.534 GC heap before
{Heap before GC invocations=3 (full 0):
 garbage-first heap   total 131072K, used 52062K [0x0000000080000000, 0x0000000100000000)
  region size 1024K, 44 young (45056K), 4 survivors (4096K)
 Metaspace       used 17458K, capacity 17857K, committed 18048K, reserved 1064960K
  class space    used 2042K, capacity 2147K, committed 2176K, reserved 1048576K
}
Event: 7.550 GC heap after
{Heap after GC invocations=4 (full 0):
 garbage-first heap   total 131072K, used 16035K [0x0000000080000000, 0x0000000100000000)
  region size 1024K, 6 young (6144K), 6 survivors (6144K)
 Metaspace       used 17458K, capacity 17857K, committed 18048K, reserved 1064960K
  class space    used 2042K, capacity 2147K, committed 2176K, reserved 1048576K
}
Event: 7.745 GC heap before
{Heap before GC invocations=5 (full 0):
 garbage-first heap   total 131072K, used 25251K [0x0000000080000000, 0x0000000100000000)
  region size 1024K, 16 young (16384K), 6 survivors (6144K)
 Metaspace       used 18270K, capacity 18665K, committed 18816K, reserved 1071104K
  class space    used 2180K, capacity 2310K, committed 2432K, reserved 1048576K
}
Event: 7.758 GC heap after
{Heap after GC invocations=6 (full 0):
 garbage-first heap   total 131072K, used 16961K [0x0000000080000000, 0x0000000100000000)
  region size 1024K, 5 young (5120K), 5 survivors (5120K)
 Metaspace       used 18270K, capacity 18665K, committed 18816K, reserved 1071104K
  class space    used 2180K, capacity 2310K, committed 2432K, reserved 1048576K
}

Deoptimization events (20 events):
Event: 7.173 Thread 0x000001495fa9b800 Uncommon trap: trap_request=0xffffffc6 fr.pc=0x000001496c8d7324 relative=0x0000000000000084
Event: 7.173 Thread 0x000001495fa9b800 Uncommon trap: reason=bimorphic_or_optimized_type_check action=maybe_recompile pc=0x000001496c8d7324 method=java.util.AbstractList$Itr.hasNext()Z @ 8 c2
Event: 7.173 Thread 0x000001495fa9b800 DEOPT PACKING pc=0x000001496c8d7324 sp=0x0000000315bfdb40
Event: 7.173 Thread 0x000001495fa9b800 DEOPT UNPACKING pc=0x0000014964dea1af sp=0x0000000315bfdad8 mode 2
Event: 7.173 Thread 0x000001495fa9b800 Uncommon trap: trap_request=0xffffffc6 fr.pc=0x000001496c8d76d4 relative=0x0000000000000114
Event: 7.173 Thread 0x000001495fa9b800 Uncommon trap: reason=bimorphic_or_optimized_type_check action=maybe_recompile pc=0x000001496c8d76d4 method=java.util.AbstractList$Itr.next()Ljava/lang/Object; @ 14 c2
Event: 7.173 Thread 0x000001495fa9b800 DEOPT PACKING pc=0x000001496c8d76d4 sp=0x0000000315bfdb30
Event: 7.173 Thread 0x000001495fa9b800 DEOPT UNPACKING pc=0x0000014964dea1af sp=0x0000000315bfdac8 mode 2
Event: 7.237 Thread 0x000001495fa9b800 Uncommon trap: trap_request=0xffffff4d fr.pc=0x000001496c87307c relative=0x00000000000002dc
Event: 7.237 Thread 0x000001495fa9b800 Uncommon trap: reason=unstable_if action=reinterpret pc=0x000001496c87307c method=java.lang.StringUTF16.compress([CI[BII)I @ 20 c2
Event: 7.237 Thread 0x000001495fa9b800 DEOPT PACKING pc=0x000001496c87307c sp=0x0000000315bfda40
Event: 7.237 Thread 0x000001495fa9b800 DEOPT UNPACKING pc=0x0000014964dea1af sp=0x0000000315bfd9c0 mode 2
Event: 7.265 Thread 0x000001497e317800 Uncommon trap: trap_request=0xffffffc6 fr.pc=0x000001496c8d7324 relative=0x0000000000000084
Event: 7.265 Thread 0x000001497e317800 Uncommon trap: reason=bimorphic_or_optimized_type_check action=maybe_recompile pc=0x000001496c8d7324 method=java.util.AbstractList$Itr.hasNext()Z @ 8 c2
Event: 7.265 Thread 0x000001497e317800 DEOPT PACKING pc=0x000001496c8d7324 sp=0x0000000316ffe570
Event: 7.265 Thread 0x000001497e317800 DEOPT UNPACKING pc=0x0000014964dea1af sp=0x0000000316ffe508 mode 2
Event: 7.265 Thread 0x000001497e317800 Uncommon trap: trap_request=0xffffffc6 fr.pc=0x000001496c8d76d4 relative=0x0000000000000114
Event: 7.265 Thread 0x000001497e317800 Uncommon trap: reason=bimorphic_or_optimized_type_check action=maybe_recompile pc=0x000001496c8d76d4 method=java.util.AbstractList$Itr.next()Ljava/lang/Object; @ 14 c2
Event: 7.265 Thread 0x000001497e317800 DEOPT PACKING pc=0x000001496c8d76d4 sp=0x0000000316ffe560
Event: 7.265 Thread 0x000001497e317800 DEOPT UNPACKING pc=0x0000014964dea1af sp=0x0000000316ffe4f8 mode 2

Classes redefined (0 events):
No events

Internal exceptions (15 events):
Event: 0.456 Thread 0x000001495fa9b800 Exception <a 'java/lang/NoSuchMethodError'{0x0000000087d147d0}: 'int java.lang.invoke.DirectMethodHandle$Holder.invokeStaticInit(java.lang.Object, java.lang.Object)'> (0x0000000087d147d0) thrown at [./src/hotspot/share/interpreter/linkResolver.cpp, line 773]
Event: 0.567 Thread 0x000001495fa9b800 Exception <a 'java/lang/NoSuchMethodError'{0x0000000087dda698}: 'int java.lang.invoke.DirectMethodHandle$Holder.invokeSpecial(java.lang.Object, java.lang.Object, java.lang.Object, java.lang.Object)'> (0x0000000087dda698) thrown at [./src/hotspot/share/interpreter/linkResolver.cpp, line 773]
Event: 0.582 Thread 0x000001495fa9b800 Exception <a 'java/lang/NoSuchMethodError'{0x0000000087c11f90}: 'int java.lang.invoke.DirectMethodHandle$Holder.invokeSpecialIFC(java.lang.Object, java.lang.Object, int)'> (0x0000000087c11f90) thrown at [./src/hotspot/share/interpreter/linkResolver.cpp, line 773]
Event: 1.138 Thread 0x000001495fa9b800 Exception <a 'java/lang/NoClassDefFoundError'{0x0000000087fad4e8}: org/slf4j/impl/StaticMarkerBinder> (0x0000000087fad4e8) thrown at [./src/hotspot/share/classfile/systemDictionary.cpp, line 220]
Event: 1.313 Thread 0x000001495fa9b800 Exception <a 'java/lang/NoSuchMethodError'{0x0000000087b416b8}: 'java.lang.Object java.lang.invoke.DirectMethodHandle$Holder.invokeVirtual(java.lang.Object, java.lang.Object, java.lang.Object, java.lang.Object, java.lang.Object, java.lang.Object, java.lang.Object)'> (0x0000000087b416b8) thrown at [./src/hotspot/share/interpreter/linkResolver.cpp, line 773]
Event: 1.319 Thread 0x000001495fa9b800 Exception <a 'java/lang/NoSuchMethodError'{0x0000000087b561b0}: 'java.lang.Object java.lang.invoke.Invokers$Holder.invoker(java.lang.Object, java.lang.Object, java.lang.Object)'> (0x0000000087b561b0) thrown at [./src/hotspot/share/interpreter/linkResolver.cpp, line 773]
Event: 1.327 Thread 0x000001495fa9b800 Exception <a 'java/lang/NoSuchMethodError'{0x0000000087b67228}: 'void java.lang.invoke.DelegatingMethodHandle$Holder.delegate(java.lang.Object, java.lang.Object, int, java.lang.Object)'> (0x0000000087b67228) thrown at [./src/hotspot/share/interpreter/linkResolver.cpp, line 773]
Event: 3.401 Thread 0x000001495fa9b800 Exception <a 'java/security/PrivilegedActionException'{0x000000008793bec0}> (0x000000008793bec0) thrown at [./src/hotspot/share/prims/jvm.cpp, line 1306]
Event: 3.402 Thread 0x000001495fa9b800 Exception <a 'java/security/PrivilegedActionException'{0x000000008793c438}> (0x000000008793c438) thrown at [./src/hotspot/share/prims/jvm.cpp, line 1306]
Event: 4.339 Thread 0x000001495fa9b800 Exception <a 'java/lang/NoSuchMethodError'{0x000000008684de88}: 'java.lang.Object java.lang.invoke.DirectMethodHandle$Holder.invokeStaticInit(java.lang.Object, java.lang.Object, java.lang.Object)'> (0x000000008684de88) thrown at [./src/hotspot/share/interpreter/linkResolver.cpp, line 773]
Event: 4.663 Thread 0x000001495fa9b800 Exception <a 'java/lang/NoSuchMethodError'{0x0000000085e9b390}: 'java.lang.Object java.lang.invoke.DirectMethodHandle$Holder.invokeStaticInit(java.lang.Object, int, int, int, int)'> (0x0000000085e9b390) thrown at [./src/hotspot/share/interpreter/linkResolver.cpp, line 773]
Event: 5.591 Thread 0x000001495fa9b800 Exception <a 'java/lang/NoSuchMethodError'{0x0000000085d64d48}: 'java.lang.Object java.lang.invoke.DirectMethodHandle$Holder.invokeStaticInit(java.lang.Object, java.lang.Object, int, int, int, int)'> (0x0000000085d64d48) thrown at [./src/hotspot/share/interpreter/linkResolver.cpp, line 773]
Event: 7.237 Thread 0x000001495fa9b800 Exception <a 'java/io/IOException'{0x0000000085b9d818}> (0x0000000085b9d818) thrown at [./src/hotspot/share/prims/jni.cpp, line 615]
Event: 7.485 Thread 0x000001497e015800 Exception <a 'java/lang/NoSuchMethodError'{0x00000000856ba0f0}: 'long java.lang.invoke.DirectMethodHandle$Holder.invokeInterface(java.lang.Object, java.lang.Object)'> (0x00000000856ba0f0) thrown at [./src/hotspot/share/interpreter/linkResolver.cpp, line 773]
Event: 7.488 Thread 0x000001497e015800 Exception <a 'java/lang/NoSuchMethodError'{0x00000000856c7190}: 'void java.lang.invoke.DelegatingMethodHandle$Holder.reinvoke_L(java.lang.Object, java.lang.Object, java.lang.Object, java.lang.Object, java.lang.Object, java.lang.Object, java.lang.Object)'> (0x00000000856c7190) thrown at [./src/hotspot/share/interpreter/linkResolver.cpp, line 773]

Events (20 events):
Event: 7.736 loading class org/gradle/internal/instantiation/generator/ConstructorSelector done
Event: 7.737 loading class org/gradle/internal/instantiation/InstantiationScheme
Event: 7.737 loading class org/gradle/internal/instantiation/InstantiationScheme done
Event: 7.737 loading class org/gradle/internal/instantiation/generator/DefaultInstantiatorFactory$ClassGeneratorBackedManagedFactory
Event: 7.737 loading class org/gradle/internal/instantiation/generator/DefaultInstantiatorFactory$ClassGeneratorBackedManagedFactory done
Event: 7.738 loading class org/gradle/api/internal/tasks/properties/annotations/OutputPropertyRoleAnnotationHandler
Event: 7.738 loading class org/gradle/api/internal/tasks/properties/annotations/OutputPropertyRoleAnnotationHandler done
Event: 7.739 loading class org/gradle/internal/instantiation/generator/AsmBackedClassGenerator
Event: 7.739 loading class org/gradle/internal/instantiation/generator/AsmBackedClassGenerator done
Event: 7.740 loading class org/gradle/internal/instantiation/generator/AbstractClassGenerator
Event: 7.740 loading class org/gradle/internal/instantiation/generator/AbstractClassGenerator done
Event: 7.742 loading class org/gradle/internal/instantiation/generator/ClassGenerator
Event: 7.742 loading class org/gradle/internal/instantiation/generator/ClassGenerator done
Event: 7.743 loading class com/google/common/collect/ImmutableMultimap
Event: 7.743 loading class com/google/common/collect/ImmutableMultimap done
Event: 7.744 loading class com/google/common/collect/BaseImmutableMultimap
Event: 7.744 loading class com/google/common/collect/BaseImmutableMultimap done
Event: 7.744 loading class com/google/common/collect/AbstractMultimap
Event: 7.744 loading class com/google/common/collect/AbstractMultimap done
Event: 7.744 Executing VM operation: CollectForMetadataAllocation


Dynamic libraries:
0x00007ff7c3880000 - 0x00007ff7c388a000 	C:\Program Files\Android\Android Studio\jre\bin\java.exe
0x00007ff843e70000 - 0x00007ff844065000 	C:\windows\SYSTEM32\ntdll.dll
0x00007ff8434d0000 - 0x00007ff84358e000 	C:\windows\System32\KERNEL32.DLL
0x00007ff841910000 - 0x00007ff841bd8000 	C:\windows\System32\KERNELBASE.dll
0x00007ff841580000 - 0x00007ff841680000 	C:\windows\System32\ucrtbase.dll
0x00007ff8313b0000 - 0x00007ff8313c7000 	C:\Program Files\Android\Android Studio\jre\bin\VCRUNTIME140.dll
0x00007ff8310f0000 - 0x00007ff831109000 	C:\Program Files\Android\Android Studio\jre\bin\jli.dll
0x00007ff842b20000 - 0x00007ff842cc0000 	C:\windows\System32\USER32.dll
0x00007ff8418e0000 - 0x00007ff841902000 	C:\windows\System32\win32u.dll
0x00007ff8432d0000 - 0x00007ff8432fb000 	C:\windows\System32\GDI32.dll
0x00007ff831cf0000 - 0x00007ff831f8a000 	C:\windows\WinSxS\amd64_microsoft.windows.common-controls_6595b64144ccf1df_6.0.19041.1110_none_60b5254171f9507e\COMCTL32.dll
0x00007ff8417d0000 - 0x00007ff8418dd000 	C:\windows\System32\gdi32full.dll
0x00007ff841c70000 - 0x00007ff841d0d000 	C:\windows\System32\msvcp_win.dll
0x00007ff843590000 - 0x00007ff84362e000 	C:\windows\System32\msvcrt.dll
0x00007ff841f60000 - 0x00007ff841f90000 	C:\windows\System32\IMM32.DLL
0x00007ff80dd70000 - 0x00007ff80de0d000 	C:\Program Files\Android\Android Studio\jre\bin\msvcp140.dll
0x00007ff8180f0000 - 0x00007ff818bd5000 	C:\Program Files\Android\Android Studio\jre\bin\server\jvm.dll
0x00007ff842250000 - 0x00007ff8422fe000 	C:\windows\System32\ADVAPI32.dll
0x00007ff843180000 - 0x00007ff84321c000 	C:\windows\System32\sechost.dll
0x00007ff841f90000 - 0x00007ff8420b5000 	C:\windows\System32\RPCRT4.dll
0x00007ff842a50000 - 0x00007ff842a58000 	C:\windows\System32\PSAPI.DLL
0x00007ff82e880000 - 0x00007ff82e889000 	C:\windows\SYSTEM32\WSOCK32.dll
0x00007ff843100000 - 0x00007ff84316b000 	C:\windows\System32\WS2_32.dll
0x00007ff82e890000 - 0x00007ff82e8b7000 	C:\windows\SYSTEM32\WINMM.dll
0x00007ff833e70000 - 0x00007ff833e7a000 	C:\windows\SYSTEM32\VERSION.dll
0x00007ff83f470000 - 0x00007ff83f482000 	C:\windows\SYSTEM32\kernel.appcore.dll
0x00007ff83bc20000 - 0x00007ff83bc31000 	C:\Program Files\Android\Android Studio\jre\bin\verify.dll
0x00007ff82e270000 - 0x00007ff82e454000 	C:\windows\SYSTEM32\DBGHELP.DLL
0x00007ff82e0a0000 - 0x00007ff82e0cc000 	C:\windows\SYSTEM32\dbgcore.DLL
0x00007ff841be0000 - 0x00007ff841c62000 	C:\windows\System32\bcryptPrimitives.dll
0x00007ff83b550000 - 0x00007ff83b579000 	C:\Program Files\Android\Android Studio\jre\bin\java.dll
0x00007ff83bc80000 - 0x00007ff83bc8b000 	C:\Program Files\Android\Android Studio\jre\bin\jimage.dll
0x00007ff83b960000 - 0x00007ff83b978000 	C:\Program Files\Android\Android Studio\jre\bin\zip.dll
0x00007ff842300000 - 0x00007ff842a44000 	C:\windows\System32\SHELL32.dll
0x00007ff83f670000 - 0x00007ff83fe04000 	C:\windows\SYSTEM32\windows.storage.dll
0x00007ff842cc0000 - 0x00007ff843015000 	C:\windows\System32\combase.dll
0x00007ff840f00000 - 0x00007ff840f2e000 	C:\windows\SYSTEM32\Wldp.dll
0x00007ff843d80000 - 0x00007ff843e2d000 	C:\windows\System32\SHCORE.dll
0x00007ff842120000 - 0x00007ff842175000 	C:\windows\System32\shlwapi.dll
0x00007ff8414c0000 - 0x00007ff8414df000 	C:\windows\SYSTEM32\profapi.dll
0x00007ff83b8b0000 - 0x00007ff83b8ca000 	C:\Program Files\Android\Android Studio\jre\bin\net.dll
0x00007ff832f60000 - 0x00007ff83306c000 	C:\windows\SYSTEM32\WINHTTP.dll
0x00007ff840c60000 - 0x00007ff840cca000 	C:\windows\system32\mswsock.dll
0x00007ff83b700000 - 0x00007ff83b714000 	C:\Program Files\Android\Android Studio\jre\bin\nio.dll
0x00007ff824530000 - 0x00007ff824557000 	C:\Users\Ivan\.gradle\native\e1d6ef7f7dcc3fd88c89a11ec53ec762bb8ba0a96d01ffa2cd45eb1d1d8dd5c5\windows-amd64\native-platform.dll
0x00007ff801e00000 - 0x00007ff801f44000 	C:\Users\Ivan\.gradle\native\5664cfc778a61ccfe75a443a1ab52a65af34e5dc3c78e0209fed803814484fcb\windows-amd64\native-platform-file-events.dll
0x00007ff83b540000 - 0x00007ff83b54a000 	C:\Program Files\Android\Android Studio\jre\bin\management.dll
0x00007ff83b530000 - 0x00007ff83b53d000 	C:\Program Files\Android\Android Studio\jre\bin\management_ext.dll
0x00007ff840e50000 - 0x00007ff840e68000 	C:\windows\SYSTEM32\CRYPTSP.dll
0x00007ff8405e0000 - 0x00007ff840614000 	C:\windows\system32\rsaenh.dll
0x00007ff841680000 - 0x00007ff8416a7000 	C:\windows\System32\bcrypt.dll
0x00007ff841480000 - 0x00007ff8414ae000 	C:\windows\SYSTEM32\USERENV.dll
0x00007ff840e70000 - 0x00007ff840e7c000 	C:\windows\SYSTEM32\CRYPTBASE.dll
0x00007ff840950000 - 0x00007ff84098b000 	C:\windows\SYSTEM32\IPHLPAPI.DLL
0x00007ff841ec0000 - 0x00007ff841ec8000 	C:\windows\System32\NSI.dll
0x00007ff8338b0000 - 0x00007ff8338c7000 	C:\windows\SYSTEM32\dhcpcsvc6.DLL
0x00007ff834cf0000 - 0x00007ff834d0d000 	C:\windows\SYSTEM32\dhcpcsvc.DLL
0x00007ff840990000 - 0x00007ff840a5b000 	C:\windows\SYSTEM32\DNSAPI.dll

dbghelp: loaded successfully - version: 4.0.5 - missing functions: none
symbol engine: initialized successfully - sym options: 0x614 - pdb path: .;C:\Program Files\Android\Android Studio\jre\bin;C:\windows\SYSTEM32;C:\windows\WinSxS\amd64_microsoft.windows.common-controls_6595b64144ccf1df_6.0.19041.1110_none_60b5254171f9507e;C:\Program Files\Android\Android Studio\jre\bin\server;C:\Users\Ivan\.gradle\native\e1d6ef7f7dcc3fd88c89a11ec53ec762bb8ba0a96d01ffa2cd45eb1d1d8dd5c5\windows-amd64;C:\Users\Ivan\.gradle\native\5664cfc778a61ccfe75a443a1ab52a65af34e5dc3c78e0209fed803814484fcb\windows-amd64

VM Arguments:
jvm_args: --add-opens=java.base/java.util=ALL-UNNAMED --add-opens=java.base/java.lang=ALL-UNNAMED --add-opens=java.base/java.lang.invoke=ALL-UNNAMED --add-opens=java.base/java.util=ALL-UNNAMED --add-opens=java.prefs/java.util.prefs=ALL-UNNAMED --add-opens=java.prefs/java.util.prefs=ALL-UNNAMED --add-opens=java.base/java.nio.charset=ALL-UNNAMED --add-opens=java.base/java.net=ALL-UNNAMED --add-opens=java.base/java.util.concurrent.atomic=ALL-UNNAMED -Xmx2048m -Dfile.encoding=UTF-8 -Duser.country=RU -Duser.language=ru -Duser.variant 
java_command: org.gradle.launcher.daemon.bootstrap.GradleDaemon 7.3.3
java_class_path (initial): C:\Users\Ivan\.gradle\wrapper\dists\gradle-7.3.3-bin\6a41zxkdtcxs8rphpq6y0069z\gradle-7.3.3\lib\gradle-launcher-7.3.3.jar
Launcher Type: SUN_STANDARD

[Global flags]
     intx CICompilerCount                          = 3                                         {product} {ergonomic}
     uint ConcGCThreads                            = 1                                         {product} {ergonomic}
     uint G1ConcRefinementThreads                  = 4                                         {product} {ergonomic}
   size_t G1HeapRegionSize                         = 1048576                                   {product} {ergonomic}
    uintx GCDrainStackTargetSize                   = 64                                        {product} {ergonomic}
   size_t InitialHeapSize                          = 134217728                                 {product} {ergonomic}
   size_t MarkStackSize                            = 4194304                                   {product} {ergonomic}
   size_t MaxHeapSize                              = 2147483648                                {product} {command line}
   size_t MaxNewSize                               = 1287651328                                {product} {ergonomic}
   size_t MinHeapDeltaBytes                        = 1048576                                   {product} {ergonomic}
    uintx NonNMethodCodeHeapSize                   = 5830732                                {pd product} {ergonomic}
    uintx NonProfiledCodeHeapSize                  = 122913754                              {pd product} {ergonomic}
    uintx ProfiledCodeHeapSize                     = 122913754                              {pd product} {ergonomic}
    uintx ReservedCodeCacheSize                    = 251658240                              {pd product} {ergonomic}
     bool SegmentedCodeCache                       = true                                      {product} {ergonomic}
     bool UseCompressedClassPointers               = true                                 {lp64_product} {ergonomic}
     bool UseCompressedOops                        = true                                 {lp64_product} {ergonomic}
     bool UseG1GC                                  = true                                      {product} {ergonomic}
     bool UseLargePagesIndividualAllocation        = false                                  {pd product} {ergonomic}

Logging:
Log output configuration:
 #0: stdout all=warning uptime,level,tags
 #1: stderr all=off uptime,level,tags

Environment Variables:
PATH=C:\windows\system32;C:\windows;C:\windows\System32\Wbem;C:\windows\System32\WindowsPowerShell\v1.0\;C:\Program Files\Docker\Docker\resources\bin;C:\ProgramData\DockerDesktop\version-bin;C:\Program Files\Microchip\xc8\v2.31\bin;C:\Program Files (x86)\STMicroelectronics\STM32 ST-LINK Utility\ST-LINK Utility;C:\Program Files (x86)\Vector CANdb++ 3.1\Exec32;C:\yagarto-20121222\bin;C:\Program Files\Git\cmd;C:\Program Files\PuTTY\;C:\Program Files\WireGuard\;C:\Users\Ivan\AppData\Local\Programs\Python\Python310\Scripts\;C:\Users\Ivan\AppData\Local\Programs\Python\Python310\;C:\Users\Ivan\AppData\Local\Microsoft\WindowsApps;C:\Users\Ivan\AppData\Local\Programs\Microsoft VS Code\bin;C:\Program Files (x86)\Arduino\hardware\tools\avr\bin;;C:\Program Files\JetBrains\JetBrains Rider 2022.1.1\bin;
USERNAME=Ivan
OS=Windows_NT
PROCESSOR_IDENTIFIER=Intel64 Family 6 Model 61 Stepping 4, GenuineIntel



---------------  S Y S T E M  ---------------

OS: Windows 10 , 64 bit Build 19041 (10.0.19041.1503)
OS uptime: 1 days 0:38 hours

CPU:total 4 (initial active 4) (2 cores per cpu, 2 threads per core) family 6 model 61 stepping 4 microcode 0x2d, cmov, cx8, fxsr, mmx, sse, sse2, sse3, ssse3, sse4.1, sse4.2, popcnt, avx, avx2, aes, clmul, erms, 3dnowpref, lzcnt, ht, tsc, tscinvbit, bmi1, bmi2, adx, fma

Memory: 4k page, system-wide physical 8107M (218M free)
TotalPageFile size 16299M (AvailPageFile size 5M)
current process WorkingSet (physical memory assigned to process): 139M, peak: 139M
current process commit charge ("private bytes"): 238M, peak: 239M

vm_info: OpenJDK 64-Bit Server VM (11.0.12+7-b1504.28-7817840) for windows-amd64 JRE (11.0.12+7-b1504.28-7817840), built on Oct 13 2021 22:12:33 by "builder" with MS VC++ 14.0 (VS2015)

END.
